2025-03-17 09:46:51.003 [info] [main] Log level: Info
2025-03-17 09:46:51.003 [info] [main] Validating found git in: "git"
2025-03-17 09:46:51.003 [info] [main] Using git "2.48.1" from "git"
2025-03-17 09:46:51.003 [info] [Model][doInitialScan] Initial repository scan started
2025-03-17 09:46:51.003 [info] > git rev-parse --show-toplevel [145ms]
2025-03-17 09:46:51.003 [info] > git rev-parse --git-dir --git-common-dir [1033ms]
2025-03-17 09:46:51.003 [info] [Model][openRepository] Opened repository: /home/_3hy/.config
2025-03-17 09:46:51.039 [info] > git config --get commit.template [346ms]
2025-03-17 09:46:51.040 [info] > git fetch [1309ms]
2025-03-17 09:46:51.386 [info] > git config --get commit.template [248ms]
2025-03-17 09:46:51.621 [info] > git for-each-ref --format=%(refname)%00%(upstream:short)%00%(objectname)%00%(upstream:track)%00%(upstream:remotename)%00%(upstream:remoteref) refs/heads/main refs/remotes/main [300ms]
2025-03-17 09:46:51.858 [info] > git for-each-ref --format=%(refname)%00%(upstream:short)%00%(objectname)%00%(upstream:track)%00%(upstream:remotename)%00%(upstream:remoteref) refs/heads/main refs/remotes/main [25ms]
2025-03-17 09:46:52.029 [info] > git for-each-ref --format=%(refname)%00%(upstream:short)%00%(objectname)%00%(upstream:track)%00%(upstream:remotename)%00%(upstream:remoteref) refs/heads/main refs/remotes/main [110ms]
2025-03-17 09:46:52.293 [info] > git config --get commit.template [299ms]
2025-03-17 09:46:52.366 [info] > git for-each-ref --format=%(refname)%00%(upstream:short)%00%(objectname)%00%(upstream:track)%00%(upstream:remotename)%00%(upstream:remoteref) refs/heads/main refs/remotes/main [91ms]
2025-03-17 09:46:52.446 [info] > git config --get --local branch.main.vscode-merge-base [302ms]
2025-03-17 09:46:52.466 [warning] [Git][config] git config failed: Failed to execute git
2025-03-17 09:46:52.542 [info] > git config --get --local branch.main.vscode-merge-base [106ms]
2025-03-17 09:46:52.542 [warning] [Git][config] git config failed: Failed to execute git
2025-03-17 09:46:52.615 [info] > git for-each-ref --format=%(refname)%00%(upstream:short)%00%(objectname)%00%(upstream:track)%00%(upstream:remotename)%00%(upstream:remoteref) refs/heads/main refs/remotes/main [269ms]
2025-03-17 09:46:52.638 [info] > git reflog main --grep-reflog=branch: Created from *. [103ms]
2025-03-17 09:46:52.716 [info] > git reflog main --grep-reflog=branch: Created from *. [102ms]
2025-03-17 09:46:52.777 [info] > git symbolic-ref --short refs/remotes/origin/HEAD [78ms]
2025-03-17 09:46:52.898 [info] > git status -z -uall [39ms]
2025-03-17 09:46:52.898 [info] > git symbolic-ref --short refs/remotes/origin/HEAD [129ms]
2025-03-17 09:46:52.939 [info] > git for-each-ref --format=%(refname)%00%(upstream:short)%00%(objectname)%00%(upstream:track)%00%(upstream:remotename)%00%(upstream:remoteref) refs/heads/origin/main refs/remotes/origin/main [13ms]
2025-03-17 09:46:52.963 [info] > git for-each-ref --sort -committerdate --format %(refname) %(objectname) %(*objectname) [68ms]
2025-03-17 09:46:53.138 [info] > git for-each-ref --format=%(refname)%00%(upstream:short)%00%(objectname)%00%(upstream:track)%00%(upstream:remotename)%00%(upstream:remoteref) refs/heads/origin/main refs/remotes/origin/main [326ms]
2025-03-17 09:46:53.189 [info] > git for-each-ref --format=%(refname)%00%(upstream:short)%00%(objectname)%00%(upstream:track)%00%(upstream:remotename)%00%(upstream:remoteref) refs/heads/main refs/remotes/main [65ms]
2025-03-17 09:46:53.222 [info] > git config --add --local branch.main.vscode-merge-base origin/main [259ms]
2025-03-17 09:46:53.329 [info] > git config --get --local branch.main.vscode-merge-base [107ms]
2025-03-17 09:46:53.432 [info] > git config --add --local branch.main.vscode-merge-base origin/main [258ms]
2025-03-17 09:46:53.588 [info] > git for-each-ref --format=%(refname)%00%(upstream:short)%00%(objectname)%00%(upstream:track)%00%(upstream:remotename)%00%(upstream:remoteref) refs/heads/origin/main refs/remotes/origin/main [157ms]
2025-03-17 09:46:53.689 [info] > git config --get commit.template [361ms]
2025-03-17 09:46:53.701 [info] > git merge-base refs/heads/main refs/remotes/origin/main [14ms]
2025-03-17 09:46:53.790 [info] > git config --get commit.template [203ms]
2025-03-17 09:46:53.840 [info] > git diff --name-status -z --diff-filter=ADMR cb8ebd7fe3c15e74c56c1ca0d7a01e58252e9aca...refs/remotes/origin/main [50ms]
2025-03-17 09:46:53.854 [info] > git for-each-ref --format=%(refname)%00%(upstream:short)%00%(objectname)%00%(upstream:track)%00%(upstream:remotename)%00%(upstream:remoteref) refs/heads/main refs/remotes/main [37ms]
2025-03-17 09:46:53.862 [info] > git for-each-ref --format=%(refname)%00%(upstream:short)%00%(objectname)%00%(upstream:track)%00%(upstream:remotename)%00%(upstream:remoteref) refs/heads/main refs/remotes/main [19ms]
2025-03-17 09:46:54.136 [info] > git status -z -uall [132ms]
2025-03-17 09:46:54.158 [info] > git for-each-ref --sort -committerdate --format %(refname) %(objectname) %(*objectname) [42ms]
2025-03-17 09:46:54.566 [info] > git rev-parse --show-toplevel [22ms]
2025-03-17 09:46:54.622 [info] > git rev-parse --show-toplevel [25ms]
2025-03-17 09:46:54.688 [info] > git rev-parse --show-toplevel [17ms]
2025-03-17 09:46:54.755 [info] > git rev-parse --show-toplevel [12ms]
2025-03-17 09:46:54.962 [info] > git rev-parse --show-toplevel [37ms]
2025-03-17 09:46:55.151 [info] > git rev-parse --show-toplevel [36ms]
2025-03-17 09:46:55.311 [info] > git rev-parse --show-toplevel [20ms]
2025-03-17 09:46:55.386 [info] > git rev-parse --show-toplevel [16ms]
2025-03-17 09:46:55.457 [info] > git rev-parse --show-toplevel [11ms]
2025-03-17 09:46:55.569 [info] > git rev-parse --show-toplevel [39ms]
2025-03-17 09:46:55.686 [info] > git rev-parse --show-toplevel [18ms]
2025-03-17 09:46:55.686 [info] > git log --format=%H%n%aN%n%aE%n%at%n%ct%n%P%n%D%n%B -z --shortstat --diff-merges=first-parent -n50 --skip=0 --topo-order --decorate=full --stdin [52ms]
2025-03-17 09:46:55.776 [info] > git rev-parse --show-toplevel [10ms]
2025-03-17 09:46:55.841 [info] > git rev-parse --show-toplevel [13ms]
2025-03-17 09:46:55.909 [info] > git rev-parse --show-toplevel [16ms]
2025-03-17 09:46:55.965 [info] > git rev-parse --show-toplevel [8ms]
2025-03-17 09:46:56.089 [info] > git rev-parse --show-toplevel [66ms]
2025-03-17 09:46:57.108 [info] > git rev-parse --show-toplevel [937ms]
2025-03-17 09:46:57.455 [info] > git rev-parse --show-toplevel [33ms]
2025-03-17 09:46:57.533 [info] > git rev-parse --show-toplevel [6ms]
2025-03-17 09:46:57.618 [info] > git rev-parse --show-toplevel [12ms]
2025-03-17 09:46:58.402 [info] > git rev-parse --show-toplevel [681ms]
2025-03-17 09:46:58.590 [info] > git rev-parse --show-toplevel [43ms]
2025-03-17 09:46:58.657 [info] > git rev-parse --show-toplevel [46ms]
2025-03-17 09:46:58.763 [info] > git rev-parse --show-toplevel [15ms]
2025-03-17 09:46:59.100 [info] > git rev-parse --show-toplevel [262ms]
2025-03-17 09:46:59.140 [info] > git rev-parse --show-toplevel [17ms]
2025-03-17 09:46:59.171 [info] > git rev-parse --show-toplevel [7ms]
2025-03-17 09:46:59.264 [info] > git rev-parse --show-toplevel [47ms]
2025-03-17 09:46:59.345 [info] > git rev-parse --show-toplevel [21ms]
2025-03-17 09:46:59.513 [info] > git rev-parse --show-toplevel [83ms]
2025-03-17 09:46:59.661 [info] > git rev-parse --show-toplevel [64ms]
2025-03-17 09:46:59.732 [info] > git rev-parse --show-toplevel [7ms]
2025-03-17 09:46:59.787 [info] > git rev-parse --show-toplevel [9ms]
2025-03-17 09:46:59.826 [info] > git rev-parse --show-toplevel [4ms]
2025-03-17 09:46:59.884 [info] > git rev-parse --show-toplevel [23ms]
2025-03-17 09:47:00.358 [info] > git check-ignore -v -z --stdin [16ms]
2025-03-17 09:47:00.362 [info] > git rev-parse --show-toplevel [47ms]
2025-03-17 09:47:00.381 [info] > git rev-parse --show-toplevel [5ms]
2025-03-17 09:47:00.400 [info] > git rev-parse --show-toplevel [5ms]
2025-03-17 09:47:00.432 [info] > git rev-parse --show-toplevel [8ms]
2025-03-17 09:47:00.454 [info] > git rev-parse --show-toplevel [7ms]
2025-03-17 09:47:00.484 [info] > git rev-parse --show-toplevel [10ms]
2025-03-17 09:47:00.537 [info] > git rev-parse --show-toplevel [15ms]
2025-03-17 09:47:00.595 [info] > git rev-parse --show-toplevel [10ms]
2025-03-17 09:47:00.635 [info] > git rev-parse --show-toplevel [8ms]
2025-03-17 09:47:00.656 [info] > git rev-parse --show-toplevel [3ms]
2025-03-17 09:47:00.671 [info] > git rev-parse --show-toplevel [3ms]
2025-03-17 09:47:00.685 [info] > git rev-parse --show-toplevel [2ms]
2025-03-17 09:47:00.703 [info] > git rev-parse --show-toplevel [4ms]
2025-03-17 09:47:00.724 [info] > git rev-parse --show-toplevel [3ms]
2025-03-17 09:47:00.742 [info] > git rev-parse --show-toplevel [3ms]
2025-03-17 09:47:00.760 [info] > git rev-parse --show-toplevel [4ms]
2025-03-17 09:47:00.786 [info] > git rev-parse --show-toplevel [9ms]
2025-03-17 09:47:00.814 [info] > git rev-parse --show-toplevel [1ms]
2025-03-17 09:47:00.850 [info] > git rev-parse --show-toplevel [2ms]
2025-03-17 09:47:00.897 [info] > git rev-parse --show-toplevel [21ms]
2025-03-17 09:47:00.968 [info] > git rev-parse --show-toplevel [12ms]
2025-03-17 09:47:01.042 [info] > git rev-parse --show-toplevel [26ms]
2025-03-17 09:47:01.079 [info] > git rev-parse --show-toplevel [8ms]
2025-03-17 09:47:01.119 [info] > git rev-parse --show-toplevel [11ms]
2025-03-17 09:47:01.161 [info] > git rev-parse --show-toplevel [4ms]
2025-03-17 09:47:01.191 [info] > git rev-parse --show-toplevel [3ms]
2025-03-17 09:47:01.218 [info] > git rev-parse --show-toplevel [3ms]
2025-03-17 09:47:01.238 [info] > git rev-parse --show-toplevel [4ms]
2025-03-17 09:47:01.264 [info] > git rev-parse --show-toplevel [4ms]
2025-03-17 09:47:01.302 [info] > git rev-parse --show-toplevel [8ms]
2025-03-17 09:47:01.357 [info] > git rev-parse --show-toplevel [10ms]
2025-03-17 09:47:01.413 [info] > git rev-parse --show-toplevel [12ms]
2025-03-17 09:47:01.467 [info] > git rev-parse --show-toplevel [13ms]
2025-03-17 09:47:01.527 [info] > git rev-parse --show-toplevel [12ms]
2025-03-17 09:47:01.649 [info] > git rev-parse --show-toplevel [32ms]
2025-03-17 09:47:01.716 [info] > git rev-parse --show-toplevel [6ms]
2025-03-17 09:47:01.734 [info] > git rev-parse --show-toplevel [5ms]
2025-03-17 09:47:01.753 [info] > git rev-parse --show-toplevel [2ms]
2025-03-17 09:47:01.772 [info] > git rev-parse --show-toplevel [2ms]
2025-03-17 09:47:01.787 [info] > git rev-parse --show-toplevel [2ms]
2025-03-17 09:47:01.803 [info] > git rev-parse --show-toplevel [3ms]
2025-03-17 09:47:01.813 [info] [Model][doInitialScan] Initial repository scan completed - repositories (1), closed repositories (0), parent repositories (0), unsafe repositories (0)
2025-03-17 09:47:04.229 [info] > git check-ignore -v -z --stdin [4ms]
2025-03-17 09:47:07.571 [info] > git check-ignore -v -z --stdin [3ms]
2025-03-17 09:47:08.185 [info] > git check-ignore -v -z --stdin [8ms]
2025-03-17 09:47:38.028 [info] > git log --format=%H%n%aN%n%aE%n%at%n%ct%n%P%n%D%n%B -z --shortstat --diff-merges=first-parent -n50 --skip=0 --topo-order --decorate=full --stdin [14ms]
2025-03-17 09:47:46.347 [info] > git push origin main:main [1285ms]
2025-03-17 09:47:46.347 [info] Everything up-to-date
2025-03-17 09:47:46.385 [info] > git config --get commit.template [17ms]
2025-03-17 09:47:46.387 [info] > git for-each-ref --format=%(refname)%00%(upstream:short)%00%(objectname)%00%(upstream:track)%00%(upstream:remotename)%00%(upstream:remoteref) refs/heads/main refs/remotes/main [6ms]
2025-03-17 09:47:46.424 [info] > git status -z -uall [19ms]
2025-03-17 09:47:46.429 [info] > git for-each-ref --sort -committerdate --format %(refname) %(objectname) %(*objectname) [8ms]
2025-03-17 09:47:55.705 [info] > git add -A -- . [16ms]
2025-03-17 09:47:55.740 [info] > git -c user.useConfigOnly=true commit --quiet --allow-empty-message --file - --allow-empty [23ms]
2025-03-17 09:47:55.794 [info] > git config --get commit.template [17ms]
2025-03-17 09:47:55.991 [info] > git config --get commit.template [42ms]
2025-03-17 09:47:56.075 [info] > git for-each-ref --format=%(refname)%00%(upstream:short)%00%(objectname)%00%(upstream:track)%00%(upstream:remotename)%00%(upstream:remoteref) refs/heads/main refs/remotes/main [8ms]
2025-03-17 09:47:56.170 [info] > git status -z -uall [25ms]
2025-03-17 09:47:56.173 [info] > git for-each-ref --sort -committerdate --format %(refname) %(objectname) %(*objectname) [9ms]
2025-03-17 09:47:56.253 [info] > git merge-base refs/heads/main refs/remotes/origin/main [30ms]
2025-03-17 09:47:56.282 [info] > git diff --name-status -z --diff-filter=ADMR cb8ebd7fe3c15e74c56c1ca0d7a01e58252e9aca...refs/remotes/origin/main [11ms]
2025-03-17 09:47:56.328 [info] > git log --format=%H%n%aN%n%aE%n%at%n%ct%n%P%n%D%n%B -z --shortstat --diff-merges=first-parent -n50 --skip=0 --topo-order --decorate=full --stdin [5ms]
2025-03-17 09:47:56.375 [info] > git config --get commit.template [22ms]
2025-03-17 09:47:56.385 [info] > git for-each-ref --format=%(refname)%00%(upstream:short)%00%(objectname)%00%(upstream:track)%00%(upstream:remotename)%00%(upstream:remoteref) refs/heads/main refs/remotes/main [12ms]
2025-03-17 09:47:56.426 [info] > git status -z -uall [23ms]
2025-03-17 09:47:56.433 [info] > git for-each-ref --sort -committerdate --format %(refname) %(objectname) %(*objectname) [8ms]
2025-03-17 09:47:57.363 [info] > git log --oneline --cherry main...main@{upstream} -- [5ms]
2025-03-17 09:47:58.122 [info] > git pull --tags origin main [742ms]
2025-03-17 09:47:58.122 [info] From https://github.com/9JH1/config
 * branch            main       -> FETCH_HEAD
2025-03-17 09:47:59.977 [info] > git push origin main:main [1840ms]
2025-03-17 09:47:59.977 [info] To https://github.com/9JH1/config.git
   cb8ebd7..e861e80  main -> main
2025-03-17 09:48:00.070 [info] > git for-each-ref --format=%(refname)%00%(upstream:short)%00%(objectname)%00%(upstream:track)%00%(upstream:remotename)%00%(upstream:remoteref) refs/heads/main refs/remotes/main [23ms]
2025-03-17 09:48:00.071 [info] > git config --get commit.template [67ms]
2025-03-17 09:48:00.157 [info] > git status -z -uall [58ms]
2025-03-17 09:48:00.166 [info] > git for-each-ref --sort -committerdate --format %(refname) %(objectname) %(*objectname) [20ms]
2025-03-17 09:48:00.253 [info] > git merge-base refs/heads/main refs/remotes/origin/main [12ms]
2025-03-17 09:48:00.377 [info] > git diff --name-status -z --diff-filter=ADMR e861e8035535cc21dbf4cbca20cc8b30f5406c10...refs/remotes/origin/main [70ms]
2025-03-17 09:48:00.409 [info] > git log --format=%H%n%aN%n%aE%n%at%n%ct%n%P%n%D%n%B -z --shortstat --diff-merges=first-parent -n50 --skip=0 --topo-order --decorate=full --stdin [39ms]
2025-03-17 09:49:53.089 [info] > git fetch [795ms]
2025-03-17 09:49:53.116 [info] > git config --get commit.template [13ms]
2025-03-17 09:49:53.119 [info] > git for-each-ref --format=%(refname)%00%(upstream:short)%00%(objectname)%00%(upstream:track)%00%(upstream:remotename)%00%(upstream:remoteref) refs/heads/main refs/remotes/main [4ms]
2025-03-17 09:49:53.196 [info] > git status -z -uall [46ms]
2025-03-17 09:49:53.197 [info] > git for-each-ref --sort -committerdate --format %(refname) %(objectname) %(*objectname) [11ms]
2025-03-17 09:50:45.472 [info] > git config --get commit.template [5ms]
2025-03-17 09:50:45.502 [info] > git for-each-ref --format=%(refname)%00%(upstream:short)%00%(objectname)%00%(upstream:track)%00%(upstream:remotename)%00%(upstream:remoteref) refs/heads/main refs/remotes/main [11ms]
2025-03-17 09:50:45.593 [info] > git status -z -uall [61ms]
2025-03-17 09:50:45.612 [info] > git for-each-ref --sort -committerdate --format %(refname) %(objectname) %(*objectname) [31ms]
2025-03-17 09:50:46.802 [info] > git check-ignore -v -z --stdin [12ms]
2025-03-17 09:50:49.719 [info] > git check-ignore -v -z --stdin [6ms]
2025-03-17 09:51:09.575 [info] > git add -A -- . [14857ms]
2025-03-17 09:51:09.575 [info] warning: adding embedded git repository: i3/hidden-config-files
hint: You've added another git repository inside your current repository.
hint: Clones of the outer repository will not contain the contents of
hint: the embedded repository and will not know how to obtain it.
hint: If you meant to add a submodule, use:
hint:
hint: 	git submodule add <url> i3/hidden-config-files
hint:
hint: If you added this path by mistake, you can remove it from the
hint: index with:
hint:
hint: 	git rm --cached i3/hidden-config-files
hint:
hint: See "git help submodule" for more information.
hint: Disable this message with "git config set advice.addEmbeddedRepo false"
2025-03-17 09:51:10.094 [info] > git -c user.useConfigOnly=true commit --quiet --allow-empty-message --file - [470ms]
2025-03-17 09:51:10.229 [info] > git config --get commit.template [24ms]
2025-03-17 09:51:10.351 [info] > git config --get commit.template [17ms]
2025-03-17 09:51:10.491 [info] > git for-each-ref --format=%(refname)%00%(upstream:short)%00%(objectname)%00%(upstream:track)%00%(upstream:remotename)%00%(upstream:remoteref) refs/heads/main refs/remotes/main [25ms]
2025-03-17 09:51:10.730 [info] > git for-each-ref --sort -committerdate --format %(refname) %(objectname) %(*objectname) [33ms]
2025-03-17 09:51:10.998 [info] > git status -z -uall [423ms]
2025-03-17 09:51:11.531 [info] > git merge-base refs/heads/main refs/remotes/origin/main [274ms]
2025-03-17 09:51:11.753 [info] > git diff --name-status -z --diff-filter=ADMR e861e8035535cc21dbf4cbca20cc8b30f5406c10...refs/remotes/origin/main [33ms]
2025-03-17 09:51:12.285 [info] > git log --format=%H%n%aN%n%aE%n%at%n%ct%n%P%n%D%n%B -z --shortstat --diff-merges=first-parent -n50 --skip=0 --topo-order --decorate=full --stdin [778ms]
2025-03-17 09:51:12.452 [info] > git config --get commit.template [19ms]
2025-03-17 09:51:12.574 [info] > git for-each-ref --format=%(refname)%00%(upstream:short)%00%(objectname)%00%(upstream:track)%00%(upstream:remotename)%00%(upstream:remoteref) refs/heads/main refs/remotes/main [25ms]
2025-03-17 09:51:12.773 [info] > git for-each-ref --sort -committerdate --format %(refname) %(objectname) %(*objectname) [19ms]
2025-03-17 09:51:12.991 [info] > git status -z -uall [323ms]
2025-03-17 09:51:28.274 [info] > git add -A -- . [200ms]
2025-03-17 09:51:28.703 [info] > git -c user.useConfigOnly=true commit --quiet --allow-empty-message --file - [278ms]
2025-03-17 09:51:28.927 [info] > git config --get commit.template [28ms]
2025-03-17 09:51:29.108 [info] > git config --get commit.template [39ms]
2025-03-17 09:51:29.331 [info] > git for-each-ref --format=%(refname)%00%(upstream:short)%00%(objectname)%00%(upstream:track)%00%(upstream:remotename)%00%(upstream:remoteref) refs/heads/main refs/remotes/main [38ms]
2025-03-17 09:51:29.934 [info] > git for-each-ref --sort -committerdate --format %(refname) %(objectname) %(*objectname) [92ms]
2025-03-17 09:51:30.613 [info] > git status -z -uall [1016ms]
2025-03-17 09:51:31.080 [info] > git merge-base refs/heads/main refs/remotes/origin/main [102ms]
2025-03-17 09:51:31.293 [info] > git diff --name-status -z --diff-filter=ADMR e861e8035535cc21dbf4cbca20cc8b30f5406c10...refs/remotes/origin/main [33ms]
2025-03-17 09:51:32.427 [info] > git log --format=%H%n%aN%n%aE%n%at%n%ct%n%P%n%D%n%B -z --shortstat --diff-merges=first-parent -n50 --skip=0 --topo-order --decorate=full --stdin [896ms]
2025-03-17 09:51:32.475 [info] > git config --get commit.template [99ms]
2025-03-17 09:51:32.599 [info] > git for-each-ref --format=%(refname)%00%(upstream:short)%00%(objectname)%00%(upstream:track)%00%(upstream:remotename)%00%(upstream:remoteref) refs/heads/main refs/remotes/main [28ms]
2025-03-17 09:51:32.666 [info] > git for-each-ref --sort -committerdate --format %(refname) %(objectname) %(*objectname) [7ms]
2025-03-17 09:51:32.754 [info] > git status -z -uall [126ms]
2025-03-17 09:51:35.613 [info] > git check-ignore -v -z --stdin [4ms]
