2025-03-11 09:32:51.076 [info] [main] Log level: Info
2025-03-11 09:32:51.076 [info] [main] Validating found git in: "git"
2025-03-11 09:32:51.076 [info] [main] Using git "2.48.1" from "git"
2025-03-11 09:32:51.076 [info] [Model][doInitialScan] Initial repository scan started
2025-03-11 09:32:51.076 [info] > git rev-parse --show-toplevel [716ms]
2025-03-11 09:32:51.076 [info] > git rev-parse --git-dir --git-common-dir [357ms]
2025-03-11 09:32:51.076 [info] [Model][openRepository] Opened repository: /home/_3hy/Documents/Projects/pretty-2/prty
2025-03-11 09:32:51.100 [info] > git rev-parse --show-toplevel [218ms]
2025-03-11 09:32:51.160 [info] [Model][doInitialScan] Initial repository scan completed - repositories (1), closed repositories (0), parent repositories (0), unsafe repositories (0)
2025-03-11 09:32:51.162 [info] > git config --get commit.template [333ms]
2025-03-11 09:32:51.601 [info] > git for-each-ref --format=%(refname)%00%(upstream:short)%00%(objectname)%00%(upstream:track)%00%(upstream:remotename)%00%(upstream:remoteref) refs/heads/main refs/remotes/main [183ms]
2025-03-11 09:32:52.102 [info] > git show --textconv :idea4.html [360ms]
2025-03-11 09:32:52.142 [info] > git ls-files --stage -- /home/_3hy/Documents/Projects/pretty-2/prty/idea4.html [230ms]
2025-03-11 09:32:52.595 [info] > git check-ignore -v -z --stdin [288ms]
2025-03-11 09:32:52.599 [info] > git cat-file -s 9c4d6f0f25dd80941ff48d6fa54be561f590d47e [399ms]
2025-03-11 09:32:52.609 [info] > git log --format=%H%n%aN%n%aE%n%at%n%ct%n%P%n%D%n%B -z -n51 --shortstat --follow -- /home/_3hy/Documents/Projects/pretty-2/prty/idea4.html [17ms]
2025-03-11 09:32:52.740 [info] > git status -z -uall [63ms]
2025-03-11 09:32:52.752 [info] > git hash-object -t tree /dev/null [91ms]
2025-03-11 09:32:52.802 [info] > git for-each-ref --sort -committerdate --format %(refname) %(objectname) %(*objectname) [73ms]
2025-03-11 09:32:53.196 [info] > git for-each-ref --format=%(refname)%00%(upstream:short)%00%(objectname)%00%(upstream:track)%00%(upstream:remotename)%00%(upstream:remoteref) refs/heads/main refs/remotes/main [170ms]
2025-03-11 09:32:53.521 [info] > git config --get --local branch.main.vscode-merge-base [233ms]
2025-03-11 09:32:53.636 [info] > git config --get commit.template [456ms]
2025-03-11 09:32:53.981 [info] > git for-each-ref --format=%(refname)%00%(upstream:short)%00%(objectname)%00%(upstream:track)%00%(upstream:remotename)%00%(upstream:remoteref) refs/heads/origin/main refs/remotes/origin/main [338ms]
2025-03-11 09:32:54.526 [info] > git ls-files --stage -- /home/_3hy/Documents/Projects/pretty-2/prty/idea4.html [378ms]
2025-03-11 09:32:54.624 [info] > git merge-base refs/heads/main refs/remotes/origin/main [585ms]
2025-03-11 09:32:54.826 [info] > git diff --name-status -z --diff-filter=ADMR 1a46eb42f699d3c4932781375ee9ab9f778a73e9...refs/remotes/origin/main [148ms]
2025-03-11 09:32:54.828 [info] > git cat-file -s 9c4d6f0f25dd80941ff48d6fa54be561f590d47e [207ms]
2025-03-11 09:32:54.829 [info] > git for-each-ref --format=%(refname)%00%(upstream:short)%00%(objectname)%00%(upstream:track)%00%(upstream:remotename)%00%(upstream:remoteref) refs/heads/main refs/remotes/main [467ms]
2025-03-11 09:32:54.830 [info] > git fetch [4265ms]
2025-03-11 09:32:54.984 [info] > git config --get commit.template [43ms]
2025-03-11 09:32:55.107 [info] > git for-each-ref --format=%(refname)%00%(upstream:short)%00%(objectname)%00%(upstream:track)%00%(upstream:remotename)%00%(upstream:remoteref) refs/heads/main refs/remotes/main [38ms]
2025-03-11 09:32:55.263 [info] > git status -z -uall [111ms]
2025-03-11 09:32:55.293 [info] > git for-each-ref --sort -committerdate --format %(refname) %(objectname) %(*objectname) [49ms]
2025-03-11 09:32:55.811 [info] > git show --textconv :idea4.html [169ms]
2025-03-11 09:32:56.627 [info] > git ls-files --stage -- /home/_3hy/Documents/Projects/pretty-2/prty/idea4.html [39ms]
2025-03-11 09:32:56.698 [info] > git cat-file -s 9c4d6f0f25dd80941ff48d6fa54be561f590d47e [8ms]
2025-03-11 09:32:56.905 [info] > git show --textconv :idea4.html [66ms]
2025-03-11 09:33:10.006 [info] > git log --format=%H%n%aN%n%aE%n%at%n%ct%n%P%n%D%n%B -z -n51 --shortstat --follow -- /home/_3hy/Documents/Projects/pretty-2/prty/idea4.html [81ms]
2025-03-11 09:33:10.036 [info] > git blame --root --incremental 1a46eb42f699d3c4932781375ee9ab9f778a73e9 -- /home/_3hy/Documents/Projects/pretty-2/prty/idea4.html [55ms]
2025-03-11 09:37:30.391 [info] > git rev-list --count fcac2930936a82c15d27c9f012149e91d5ef2d7c.. -- /home/_3hy/Documents/Projects/pretty-2/prty/idea4.html [3ms]
2025-03-11 09:37:30.479 [info] > git log --format=%H%n%aN%n%aE%n%at%n%ct%n%P%n%D%n%B -z -n3 --shortstat --follow -- /home/_3hy/Documents/Projects/pretty-2/prty/idea4.html [18ms]
2025-03-11 09:37:32.124 [info] > git fetch [2333ms]
2025-03-11 09:37:32.147 [info] > git config --get commit.template [11ms]
2025-03-11 09:37:32.148 [info] > git for-each-ref --format=%(refname)%00%(upstream:short)%00%(objectname)%00%(upstream:track)%00%(upstream:remotename)%00%(upstream:remoteref) refs/heads/main refs/remotes/main [2ms]
2025-03-11 09:37:32.173 [info] > git status -z -uall [14ms]
2025-03-11 09:37:32.174 [info] > git for-each-ref --sort -committerdate --format %(refname) %(objectname) %(*objectname) [4ms]
2025-03-11 09:37:32.715 [info] > git rev-list --count fcac2930936a82c15d27c9f012149e91d5ef2d7c.. -- /home/_3hy/Documents/Projects/pretty-2/prty/idea4.html [7ms]
2025-03-11 09:37:32.738 [info] > git log --format=%H%n%aN%n%aE%n%at%n%ct%n%P%n%D%n%B -z -n3 --shortstat --follow -- /home/_3hy/Documents/Projects/pretty-2/prty/idea4.html [5ms]
2025-03-11 09:37:38.490 [info] > git config --get commit.template [40ms]
2025-03-11 09:37:38.491 [info] > git ls-files --stage -- /home/_3hy/Documents/Projects/pretty-2/prty/idea4.html [17ms]
2025-03-11 09:37:38.508 [info] > git for-each-ref --format=%(refname)%00%(upstream:short)%00%(objectname)%00%(upstream:track)%00%(upstream:remotename)%00%(upstream:remoteref) refs/heads/main refs/remotes/main [19ms]
2025-03-11 09:37:38.542 [info] > git status -z -uall [20ms]
2025-03-11 09:37:38.543 [info] > git cat-file -s 9c4d6f0f25dd80941ff48d6fa54be561f590d47e [36ms]
2025-03-11 09:37:38.549 [info] > git for-each-ref --sort -committerdate --format %(refname) %(objectname) %(*objectname) [7ms]
2025-03-11 09:37:38.582 [info] > git show --textconv :idea4.html [7ms]
2025-03-11 09:38:02.304 [info] > git log --format=%H%n%aN%n%aE%n%at%n%ct%n%P%n%D%n%B -z -n51 --shortstat --follow -- /home/_3hy/Documents/Projects/pretty-2/prty/idea3.html [5ms]
2025-03-11 09:38:03.111 [info] > git show --textconv :idea3.html [41ms]
2025-03-11 09:38:03.118 [info] > git ls-files --stage -- /home/_3hy/Documents/Projects/pretty-2/prty/idea3.html [14ms]
2025-03-11 09:38:03.142 [info] > git cat-file -s 75fbe687d27492c0d1b196b8fa0140ec6ca57b5e [6ms]
2025-03-11 09:38:49.035 [info] > git show --textconv :idea4.html [65ms]
2025-03-11 09:38:49.051 [info] > git ls-files --stage -- /home/_3hy/Documents/Projects/pretty-2/prty/idea4.html [17ms]
2025-03-11 09:38:49.121 [info] > git cat-file -s 9c4d6f0f25dd80941ff48d6fa54be561f590d47e [8ms]
2025-03-11 09:38:51.531 [info] > git log --format=%H%n%aN%n%aE%n%at%n%ct%n%P%n%D%n%B -z -n51 --shortstat --follow -- /home/_3hy/Documents/Projects/pretty-2/prty/idea4.html [27ms]
2025-03-11 09:38:54.884 [info] > git log --format=%H%n%aN%n%aE%n%at%n%ct%n%P%n%D%n%B -z -n51 --shortstat --follow -- /home/_3hy/Documents/Projects/pretty-2/prty/idea3.html [20ms]
2025-03-11 09:38:56.260 [info] > git show --textconv :idea3.html [42ms]
2025-03-11 09:38:56.269 [info] > git ls-files --stage -- /home/_3hy/Documents/Projects/pretty-2/prty/idea3.html [15ms]
2025-03-11 09:38:56.304 [info] > git cat-file -s 75fbe687d27492c0d1b196b8fa0140ec6ca57b5e [12ms]
2025-03-11 09:39:05.254 [info] > git blame --root --incremental 1a46eb42f699d3c4932781375ee9ab9f778a73e9 -- /home/_3hy/Documents/Projects/pretty-2/prty/idea3.html [12ms]
2025-03-11 09:46:43.318 [info] > git rev-list --count fcac2930936a82c15d27c9f012149e91d5ef2d7c.. -- /home/_3hy/Documents/Projects/pretty-2/prty/idea3.html [2ms]
2025-03-11 09:46:43.377 [info] > git log --format=%H%n%aN%n%aE%n%at%n%ct%n%P%n%D%n%B -z -n2 --shortstat --follow -- /home/_3hy/Documents/Projects/pretty-2/prty/idea3.html [11ms]
2025-03-11 09:46:44.392 [info] > git fetch [1773ms]
2025-03-11 09:46:44.438 [info] > git config --get commit.template [25ms]
2025-03-11 09:46:44.446 [info] > git for-each-ref --format=%(refname)%00%(upstream:short)%00%(objectname)%00%(upstream:track)%00%(upstream:remotename)%00%(upstream:remoteref) refs/heads/main refs/remotes/main [9ms]
2025-03-11 09:46:44.506 [info] > git status -z -uall [33ms]
2025-03-11 09:46:44.506 [info] > git for-each-ref --sort -committerdate --format %(refname) %(objectname) %(*objectname) [5ms]
2025-03-11 09:46:45.040 [info] > git rev-list --count fcac2930936a82c15d27c9f012149e91d5ef2d7c.. -- /home/_3hy/Documents/Projects/pretty-2/prty/idea3.html [4ms]
2025-03-11 09:46:45.055 [info] > git log --format=%H%n%aN%n%aE%n%at%n%ct%n%P%n%D%n%B -z -n2 --shortstat --follow -- /home/_3hy/Documents/Projects/pretty-2/prty/idea3.html [5ms]
2025-03-11 09:54:31.024 [info] > git fetch [37ms]
2025-03-11 09:54:31.024 [info] fatal: unable to access 'https://github.com/9jh1/prty/': Could not resolve host: github.com
2025-03-11 09:54:31.097 [info] > git config --get commit.template [44ms]
2025-03-11 09:54:31.138 [info] > git ls-files --stage -- /home/_3hy/Documents/Projects/pretty-2/prty/idea3.html [3ms]
2025-03-11 09:54:31.153 [info] > git for-each-ref --format=%(refname)%00%(upstream:short)%00%(objectname)%00%(upstream:track)%00%(upstream:remotename)%00%(upstream:remoteref) refs/heads/main refs/remotes/main [60ms]
2025-03-11 09:54:31.199 [info] > git status -z -uall [25ms]
2025-03-11 09:54:31.200 [info] > git cat-file -s 75fbe687d27492c0d1b196b8fa0140ec6ca57b5e [47ms]
2025-03-11 09:54:31.204 [info] > git for-each-ref --sort -committerdate --format %(refname) %(objectname) %(*objectname) [9ms]
2025-03-11 09:54:31.233 [info] > git show --textconv :idea3.html [8ms]
2025-03-11 09:54:31.672 [info] > git rev-list --count fcac2930936a82c15d27c9f012149e91d5ef2d7c.. -- /home/_3hy/Documents/Projects/pretty-2/prty/idea3.html [3ms]
2025-03-11 09:54:31.692 [info] > git log --format=%H%n%aN%n%aE%n%at%n%ct%n%P%n%D%n%B -z -n2 --shortstat --follow -- /home/_3hy/Documents/Projects/pretty-2/prty/idea3.html [5ms]
2025-03-11 11:02:19.453 [info] > git ls-files --stage -- /home/_3hy/Documents/Projects/pretty-2/prty/idea3.html [13ms]
2025-03-11 11:02:19.493 [info] > git cat-file -s 75fbe687d27492c0d1b196b8fa0140ec6ca57b5e [9ms]
2025-03-11 11:02:19.541 [info] > git show --textconv :idea3.html [8ms]
2025-03-11 11:02:20.037 [info] > git rev-list --count fcac2930936a82c15d27c9f012149e91d5ef2d7c.. -- /home/_3hy/Documents/Projects/pretty-2/prty/idea3.html [7ms]
2025-03-11 11:02:20.064 [info] > git log --format=%H%n%aN%n%aE%n%at%n%ct%n%P%n%D%n%B -z -n2 --shortstat --follow -- /home/_3hy/Documents/Projects/pretty-2/prty/idea3.html [3ms]
2025-03-11 11:02:20.961 [info] > git fetch [1576ms]
2025-03-11 11:02:20.984 [info] > git config --get commit.template [12ms]
2025-03-11 11:02:20.985 [info] > git for-each-ref --format=%(refname)%00%(upstream:short)%00%(objectname)%00%(upstream:track)%00%(upstream:remotename)%00%(upstream:remoteref) refs/heads/main refs/remotes/main [2ms]
2025-03-11 11:02:21.009 [info] > git status -z -uall [13ms]
2025-03-11 11:02:21.011 [info] > git for-each-ref --sort -committerdate --format %(refname) %(objectname) %(*objectname) [3ms]
2025-03-11 11:02:21.558 [info] > git rev-list --count fcac2930936a82c15d27c9f012149e91d5ef2d7c.. -- /home/_3hy/Documents/Projects/pretty-2/prty/idea3.html [6ms]
2025-03-11 11:02:21.578 [info] > git log --format=%H%n%aN%n%aE%n%at%n%ct%n%P%n%D%n%B -z -n2 --shortstat --follow -- /home/_3hy/Documents/Projects/pretty-2/prty/idea3.html [4ms]
2025-03-11 11:17:13.682 [info] > git log --format=%H%n%aN%n%aE%n%at%n%ct%n%P%n%D%n%B -z -n51 --shortstat --follow -- /home/_3hy/Documents/Projects/pretty-2/prty/idea3.html [43ms]
2025-03-11 11:17:41.735 [info] > git config --get commit.template [52ms]
2025-03-11 11:17:41.780 [info] > git ls-files --stage -- /home/_3hy/Documents/Projects/pretty-2/prty/idea3.html [47ms]
2025-03-11 11:17:41.829 [info] > git for-each-ref --format=%(refname)%00%(upstream:short)%00%(objectname)%00%(upstream:track)%00%(upstream:remotename)%00%(upstream:remoteref) refs/heads/main refs/remotes/main [50ms]
2025-03-11 11:17:41.836 [info] > git cat-file -s 75fbe687d27492c0d1b196b8fa0140ec6ca57b5e [12ms]
2025-03-11 11:17:41.895 [info] > git status -z -uall [24ms]
2025-03-11 11:17:41.917 [info] > git for-each-ref --sort -committerdate --format %(refname) %(objectname) %(*objectname) [24ms]
2025-03-11 11:17:41.929 [info] > git show --textconv :idea3.html [14ms]
2025-03-11 11:18:32.424 [info] > git rev-list --count fcac2930936a82c15d27c9f012149e91d5ef2d7c.. -- /home/_3hy/Documents/Projects/pretty-2/prty/idea3.html [26ms]
2025-03-11 11:18:32.580 [info] > git log --format=%H%n%aN%n%aE%n%at%n%ct%n%P%n%D%n%B -z -n2 --shortstat --follow -- /home/_3hy/Documents/Projects/pretty-2/prty/idea3.html [58ms]
2025-03-11 11:18:33.027 [info] > git ls-files --stage -- /home/_3hy/Documents/Projects/pretty-2/prty/idea3.html [13ms]
2025-03-11 11:18:33.098 [info] > git cat-file -s 75fbe687d27492c0d1b196b8fa0140ec6ca57b5e [8ms]
2025-03-11 11:18:33.127 [info] > git show --textconv :idea3.html [6ms]
2025-03-11 11:18:34.236 [info] > git fetch [2649ms]
2025-03-11 11:18:34.260 [info] > git config --get commit.template [3ms]
2025-03-11 11:18:34.302 [info] > git for-each-ref --format=%(refname)%00%(upstream:short)%00%(objectname)%00%(upstream:track)%00%(upstream:remotename)%00%(upstream:remoteref) refs/heads/main refs/remotes/main [6ms]
2025-03-11 11:18:34.448 [info] > git status -z -uall [76ms]
2025-03-11 11:18:34.468 [info] > git for-each-ref --sort -committerdate --format %(refname) %(objectname) %(*objectname) [24ms]
2025-03-11 11:18:35.085 [info] > git rev-list --count fcac2930936a82c15d27c9f012149e91d5ef2d7c.. -- /home/_3hy/Documents/Projects/pretty-2/prty/idea3.html [12ms]
2025-03-11 11:18:35.168 [info] > git log --format=%H%n%aN%n%aE%n%at%n%ct%n%P%n%D%n%B -z -n2 --shortstat --follow -- /home/_3hy/Documents/Projects/pretty-2/prty/idea3.html [17ms]
2025-03-11 11:23:51.733 [info] > git ls-files --stage -- /home/_3hy/Documents/Projects/pretty-2/prty/idea3.html [9ms]
2025-03-11 11:23:51.749 [info] > git cat-file -s 75fbe687d27492c0d1b196b8fa0140ec6ca57b5e [4ms]
2025-03-11 11:23:51.767 [info] > git show --textconv :idea3.html [2ms]
2025-03-11 11:23:52.300 [info] > git rev-list --count fcac2930936a82c15d27c9f012149e91d5ef2d7c.. -- /home/_3hy/Documents/Projects/pretty-2/prty/idea3.html [4ms]
2025-03-11 11:23:52.321 [info] > git log --format=%H%n%aN%n%aE%n%at%n%ct%n%P%n%D%n%B -z -n2 --shortstat --follow -- /home/_3hy/Documents/Projects/pretty-2/prty/idea3.html [5ms]
2025-03-11 11:23:53.509 [info] > git fetch [1810ms]
2025-03-11 11:23:53.532 [info] > git config --get commit.template [11ms]
2025-03-11 11:23:53.534 [info] > git for-each-ref --format=%(refname)%00%(upstream:short)%00%(objectname)%00%(upstream:track)%00%(upstream:remotename)%00%(upstream:remoteref) refs/heads/main refs/remotes/main [2ms]
2025-03-11 11:23:53.558 [info] > git status -z -uall [14ms]
2025-03-11 11:23:53.560 [info] > git for-each-ref --sort -committerdate --format %(refname) %(objectname) %(*objectname) [3ms]
2025-03-11 11:23:54.093 [info] > git rev-list --count fcac2930936a82c15d27c9f012149e91d5ef2d7c.. -- /home/_3hy/Documents/Projects/pretty-2/prty/idea3.html [3ms]
2025-03-11 11:23:54.110 [info] > git log --format=%H%n%aN%n%aE%n%at%n%ct%n%P%n%D%n%B -z -n2 --shortstat --follow -- /home/_3hy/Documents/Projects/pretty-2/prty/idea3.html [4ms]
2025-03-11 11:31:16.038 [info] > git ls-files --stage -- /home/_3hy/Documents/Projects/pretty-2/prty/idea3.html [21ms]
2025-03-11 11:31:16.052 [info] > git config --get commit.template [16ms]
2025-03-11 11:31:16.083 [info] > git for-each-ref --format=%(refname)%00%(upstream:short)%00%(objectname)%00%(upstream:track)%00%(upstream:remotename)%00%(upstream:remoteref) refs/heads/main refs/remotes/main [12ms]
2025-03-11 11:31:16.084 [info] > git cat-file -s 75fbe687d27492c0d1b196b8fa0140ec6ca57b5e [35ms]
2025-03-11 11:31:16.115 [info] > git status -z -uall [15ms]
2025-03-11 11:31:16.129 [info] > git for-each-ref --sort -committerdate --format %(refname) %(objectname) %(*objectname) [15ms]
2025-03-11 11:31:16.143 [info] > git show --textconv :idea3.html [14ms]
2025-03-11 11:31:16.596 [info] > git rev-list --count fcac2930936a82c15d27c9f012149e91d5ef2d7c.. -- /home/_3hy/Documents/Projects/pretty-2/prty/idea3.html [6ms]
2025-03-11 11:31:16.614 [info] > git log --format=%H%n%aN%n%aE%n%at%n%ct%n%P%n%D%n%B -z -n2 --shortstat --follow -- /home/_3hy/Documents/Projects/pretty-2/prty/idea3.html [4ms]
2025-03-11 11:31:18.176 [info] > git fetch [2197ms]
2025-03-11 11:31:18.198 [info] > git config --get commit.template [11ms]
2025-03-11 11:31:18.201 [info] > git for-each-ref --format=%(refname)%00%(upstream:short)%00%(objectname)%00%(upstream:track)%00%(upstream:remotename)%00%(upstream:remoteref) refs/heads/main refs/remotes/main [3ms]
2025-03-11 11:31:18.225 [info] > git status -z -uall [13ms]
2025-03-11 11:31:18.228 [info] > git for-each-ref --sort -committerdate --format %(refname) %(objectname) %(*objectname) [5ms]
2025-03-11 11:31:18.762 [info] > git rev-list --count fcac2930936a82c15d27c9f012149e91d5ef2d7c.. -- /home/_3hy/Documents/Projects/pretty-2/prty/idea3.html [4ms]
2025-03-11 11:31:18.778 [info] > git log --format=%H%n%aN%n%aE%n%at%n%ct%n%P%n%D%n%B -z -n2 --shortstat --follow -- /home/_3hy/Documents/Projects/pretty-2/prty/idea3.html [4ms]
2025-03-11 11:31:34.087 [info] > git config --get commit.template [8ms]
2025-03-11 11:31:34.128 [info] > git ls-files --stage -- /home/_3hy/Documents/Projects/pretty-2/prty/idea3.html [23ms]
2025-03-11 11:31:34.147 [info] > git for-each-ref --format=%(refname)%00%(upstream:short)%00%(objectname)%00%(upstream:track)%00%(upstream:remotename)%00%(upstream:remoteref) refs/heads/main refs/remotes/main [20ms]
2025-03-11 11:31:34.180 [info] > git status -z -uall [18ms]
2025-03-11 11:31:34.181 [info] > git cat-file -s 75fbe687d27492c0d1b196b8fa0140ec6ca57b5e [35ms]
2025-03-11 11:31:34.200 [info] > git for-each-ref --sort -committerdate --format %(refname) %(objectname) %(*objectname) [21ms]
2025-03-11 11:31:34.216 [info] > git show --textconv :idea3.html [17ms]
2025-03-11 11:38:50.326 [info] > git rev-list --count fcac2930936a82c15d27c9f012149e91d5ef2d7c.. -- /home/_3hy/Documents/Projects/pretty-2/prty/idea3.html [5ms]
2025-03-11 11:38:50.349 [info] > git log --format=%H%n%aN%n%aE%n%at%n%ct%n%P%n%D%n%B -z -n2 --shortstat --follow -- /home/_3hy/Documents/Projects/pretty-2/prty/idea3.html [5ms]
2025-03-11 11:38:51.367 [info] > git fetch [1657ms]
2025-03-11 11:38:51.392 [info] > git config --get commit.template [12ms]
2025-03-11 11:38:51.394 [info] > git for-each-ref --format=%(refname)%00%(upstream:short)%00%(objectname)%00%(upstream:track)%00%(upstream:remotename)%00%(upstream:remoteref) refs/heads/main refs/remotes/main [2ms]
2025-03-11 11:38:51.419 [info] > git status -z -uall [13ms]
2025-03-11 11:38:51.421 [info] > git for-each-ref --sort -committerdate --format %(refname) %(objectname) %(*objectname) [3ms]
2025-03-11 11:38:51.684 [info] > git ls-files --stage -- /home/_3hy/Documents/Projects/pretty-2/prty/idea3.html [3ms]
2025-03-11 11:38:51.698 [info] > git cat-file -s 75fbe687d27492c0d1b196b8fa0140ec6ca57b5e [3ms]
2025-03-11 11:38:51.716 [info] > git show --textconv :idea3.html [3ms]
2025-03-11 11:38:52.009 [info] > git rev-list --count fcac2930936a82c15d27c9f012149e91d5ef2d7c.. -- /home/_3hy/Documents/Projects/pretty-2/prty/idea3.html [5ms]
2025-03-11 11:38:52.027 [info] > git log --format=%H%n%aN%n%aE%n%at%n%ct%n%P%n%D%n%B -z -n2 --shortstat --follow -- /home/_3hy/Documents/Projects/pretty-2/prty/idea3.html [3ms]
2025-03-11 11:39:16.507 [info] > git config --get commit.template [37ms]
2025-03-11 11:39:16.512 [info] > git for-each-ref --format=%(refname)%00%(upstream:short)%00%(objectname)%00%(upstream:track)%00%(upstream:remotename)%00%(upstream:remoteref) refs/heads/main refs/remotes/main [7ms]
2025-03-11 11:39:16.555 [info] > git status -z -uall [25ms]
2025-03-11 11:39:16.560 [info] > git for-each-ref --sort -committerdate --format %(refname) %(objectname) %(*objectname) [7ms]
2025-03-11 11:42:05.144 [info] > git rev-list --count fcac2930936a82c15d27c9f012149e91d5ef2d7c.. -- /home/_3hy/Documents/Projects/pretty-2/prty/idea3.html [7ms]
2025-03-11 11:42:05.188 [info] > git log --format=%H%n%aN%n%aE%n%at%n%ct%n%P%n%D%n%B -z -n2 --shortstat --follow -- /home/_3hy/Documents/Projects/pretty-2/prty/idea3.html [9ms]
2025-03-11 11:42:07.571 [info] > git fetch [3113ms]
2025-03-11 11:42:07.595 [info] > git config --get commit.template [11ms]
2025-03-11 11:42:07.597 [info] > git for-each-ref --format=%(refname)%00%(upstream:short)%00%(objectname)%00%(upstream:track)%00%(upstream:remotename)%00%(upstream:remoteref) refs/heads/main refs/remotes/main [3ms]
2025-03-11 11:42:07.623 [info] > git status -z -uall [15ms]
2025-03-11 11:42:07.625 [info] > git for-each-ref --sort -committerdate --format %(refname) %(objectname) %(*objectname) [5ms]
2025-03-11 11:42:08.211 [info] > git rev-list --count fcac2930936a82c15d27c9f012149e91d5ef2d7c.. -- /home/_3hy/Documents/Projects/pretty-2/prty/idea3.html [4ms]
2025-03-11 11:42:08.228 [info] > git log --format=%H%n%aN%n%aE%n%at%n%ct%n%P%n%D%n%B -z -n2 --shortstat --follow -- /home/_3hy/Documents/Projects/pretty-2/prty/idea3.html [3ms]
2025-03-11 11:45:22.585 [info] > git config --get commit.template [7ms]
2025-03-11 11:45:22.589 [info] > git ls-files --stage -- /home/_3hy/Documents/Projects/pretty-2/prty/idea3.html [43ms]
2025-03-11 11:45:22.645 [info] > git cat-file -s 75fbe687d27492c0d1b196b8fa0140ec6ca57b5e [27ms]
2025-03-11 11:45:22.648 [info] > git for-each-ref --format=%(refname)%00%(upstream:short)%00%(objectname)%00%(upstream:track)%00%(upstream:remotename)%00%(upstream:remoteref) refs/heads/main refs/remotes/main [6ms]
2025-03-11 11:45:22.705 [info] > git status -z -uall [40ms]
2025-03-11 11:45:22.705 [info] > git for-each-ref --sort -committerdate --format %(refname) %(objectname) %(*objectname) [21ms]
2025-03-11 11:45:22.716 [info] > git show --textconv :idea3.html [12ms]
2025-03-11 11:45:23.158 [info] > git rev-list --count fcac2930936a82c15d27c9f012149e91d5ef2d7c.. -- /home/_3hy/Documents/Projects/pretty-2/prty/idea3.html [8ms]
2025-03-11 11:45:23.193 [info] > git log --format=%H%n%aN%n%aE%n%at%n%ct%n%P%n%D%n%B -z -n2 --shortstat --follow -- /home/_3hy/Documents/Projects/pretty-2/prty/idea3.html [5ms]
2025-03-11 11:45:23.879 [info] > git ls-files --stage -- /home/_3hy/Documents/Projects/pretty-2/prty/idea3.html [8ms]
2025-03-11 11:45:23.902 [info] > git cat-file -s 75fbe687d27492c0d1b196b8fa0140ec6ca57b5e [4ms]
2025-03-11 11:45:23.930 [info] > git show --textconv :idea3.html [5ms]
2025-03-11 11:45:24.117 [info] > git fetch [1625ms]
2025-03-11 11:45:24.131 [info] > git config --get commit.template [1ms]
2025-03-11 11:45:24.145 [info] > git for-each-ref --format=%(refname)%00%(upstream:short)%00%(objectname)%00%(upstream:track)%00%(upstream:remotename)%00%(upstream:remoteref) refs/heads/main refs/remotes/main [2ms]
2025-03-11 11:45:24.169 [info] > git status -z -uall [12ms]
2025-03-11 11:45:24.171 [info] > git for-each-ref --sort -committerdate --format %(refname) %(objectname) %(*objectname) [3ms]
2025-03-11 11:45:24.806 [info] > git rev-list --count fcac2930936a82c15d27c9f012149e91d5ef2d7c.. -- /home/_3hy/Documents/Projects/pretty-2/prty/idea3.html [13ms]
2025-03-11 11:45:24.849 [info] > git log --format=%H%n%aN%n%aE%n%at%n%ct%n%P%n%D%n%B -z -n2 --shortstat --follow -- /home/_3hy/Documents/Projects/pretty-2/prty/idea3.html [14ms]
2025-03-11 11:45:25.371 [info] > git ls-files --stage -- /home/_3hy/Documents/Projects/pretty-2/prty/idea3.html [4ms]
2025-03-11 11:45:25.392 [info] > git cat-file -s 75fbe687d27492c0d1b196b8fa0140ec6ca57b5e [3ms]
2025-03-11 11:45:25.487 [info] > git show --textconv :idea3.html [5ms]
2025-03-11 11:45:27.731 [info] > git config --get commit.template [3ms]
2025-03-11 11:45:27.744 [info] > git for-each-ref --format=%(refname)%00%(upstream:short)%00%(objectname)%00%(upstream:track)%00%(upstream:remotename)%00%(upstream:remoteref) refs/heads/main refs/remotes/main [2ms]
2025-03-11 11:45:27.770 [info] > git status -z -uall [15ms]
2025-03-11 11:45:27.773 [info] > git for-each-ref --sort -committerdate --format %(refname) %(objectname) %(*objectname) [5ms]
2025-03-11 11:55:36.987 [info] > git rev-list --count fcac2930936a82c15d27c9f012149e91d5ef2d7c.. -- /home/_3hy/Documents/Projects/pretty-2/prty/idea3.html [5ms]
2025-03-11 11:55:37.018 [info] > git log --format=%H%n%aN%n%aE%n%at%n%ct%n%P%n%D%n%B -z -n2 --shortstat --follow -- /home/_3hy/Documents/Projects/pretty-2/prty/idea3.html [6ms]
2025-03-11 11:55:37.982 [info] > git fetch [1627ms]
2025-03-11 11:55:38.007 [info] > git config --get commit.template [12ms]
2025-03-11 11:55:38.009 [info] > git for-each-ref --format=%(refname)%00%(upstream:short)%00%(objectname)%00%(upstream:track)%00%(upstream:remotename)%00%(upstream:remoteref) refs/heads/main refs/remotes/main [3ms]
2025-03-11 11:55:38.033 [info] > git status -z -uall [14ms]
2025-03-11 11:55:38.035 [info] > git for-each-ref --sort -committerdate --format %(refname) %(objectname) %(*objectname) [3ms]
2025-03-11 11:55:38.568 [info] > git rev-list --count fcac2930936a82c15d27c9f012149e91d5ef2d7c.. -- /home/_3hy/Documents/Projects/pretty-2/prty/idea3.html [3ms]
2025-03-11 11:55:38.585 [info] > git log --format=%H%n%aN%n%aE%n%at%n%ct%n%P%n%D%n%B -z -n2 --shortstat --follow -- /home/_3hy/Documents/Projects/pretty-2/prty/idea3.html [4ms]
2025-03-11 11:55:43.448 [info] > git config --get commit.template [25ms]
2025-03-11 11:55:43.463 [info] > git ls-files --stage -- /home/_3hy/Documents/Projects/pretty-2/prty/idea3.html [18ms]
2025-03-11 11:55:43.480 [info] > git for-each-ref --format=%(refname)%00%(upstream:short)%00%(objectname)%00%(upstream:track)%00%(upstream:remotename)%00%(upstream:remoteref) refs/heads/main refs/remotes/main [18ms]
2025-03-11 11:55:43.481 [info] > git cat-file -s 75fbe687d27492c0d1b196b8fa0140ec6ca57b5e [4ms]
2025-03-11 11:55:43.539 [info] > git status -z -uall [40ms]
2025-03-11 11:55:43.541 [info] > git for-each-ref --sort -committerdate --format %(refname) %(objectname) %(*objectname) [19ms]
2025-03-11 11:55:43.551 [info] > git show --textconv :idea3.html [14ms]
2025-03-11 12:09:30.590 [info] > git rev-list --count fcac2930936a82c15d27c9f012149e91d5ef2d7c.. -- /home/_3hy/Documents/Projects/pretty-2/prty/idea3.html [3ms]
2025-03-11 12:09:30.609 [info] > git log --format=%H%n%aN%n%aE%n%at%n%ct%n%P%n%D%n%B -z -n2 --shortstat --follow -- /home/_3hy/Documents/Projects/pretty-2/prty/idea3.html [4ms]
2025-03-11 12:09:31.983 [info] > git fetch [1992ms]
2025-03-11 12:09:32.008 [info] > git config --get commit.template [13ms]
2025-03-11 12:09:32.009 [info] > git for-each-ref --format=%(refname)%00%(upstream:short)%00%(objectname)%00%(upstream:track)%00%(upstream:remotename)%00%(upstream:remoteref) refs/heads/main refs/remotes/main [2ms]
2025-03-11 12:09:32.034 [info] > git status -z -uall [13ms]
2025-03-11 12:09:32.039 [info] > git for-each-ref --sort -committerdate --format %(refname) %(objectname) %(*objectname) [6ms]
2025-03-11 12:09:32.575 [info] > git rev-list --count fcac2930936a82c15d27c9f012149e91d5ef2d7c.. -- /home/_3hy/Documents/Projects/pretty-2/prty/idea3.html [4ms]
2025-03-11 12:09:32.592 [info] > git log --format=%H%n%aN%n%aE%n%at%n%ct%n%P%n%D%n%B -z -n2 --shortstat --follow -- /home/_3hy/Documents/Projects/pretty-2/prty/idea3.html [4ms]
2025-03-11 12:09:43.601 [info] > git log --format=%H%n%aN%n%aE%n%at%n%ct%n%P%n%D%n%B -z --shortstat --diff-merges=first-parent -n50 --skip=0 --topo-order --decorate=full --stdin [46ms]
2025-03-11 12:09:47.646 [info] > git add -A -- . [16ms]
2025-03-11 12:09:47.690 [info] > git -c user.useConfigOnly=true commit --quiet --allow-empty-message --file - [24ms]
2025-03-11 12:09:47.714 [info] > git config --get commit.template [5ms]
2025-03-11 12:09:47.751 [info] > git config --get commit.template [5ms]
2025-03-11 12:09:47.771 [info] > git for-each-ref --format=%(refname)%00%(upstream:short)%00%(objectname)%00%(upstream:track)%00%(upstream:remotename)%00%(upstream:remoteref) refs/heads/main refs/remotes/main [5ms]
2025-03-11 12:09:47.811 [info] > git status -z -uall [22ms]
2025-03-11 12:09:47.814 [info] > git for-each-ref --sort -committerdate --format %(refname) %(objectname) %(*objectname) [6ms]
2025-03-11 12:09:47.870 [info] > git merge-base refs/heads/main refs/remotes/origin/main [10ms]
2025-03-11 12:09:47.890 [info] > git blame --root --incremental e093b18e70d2637f2e72d84daaa72fa1f8138a81 -- /home/_3hy/Documents/Projects/pretty-2/prty/idea3.html [52ms]
2025-03-11 12:09:47.898 [info] > git diff --name-status -z --diff-filter=ADMR 1a46eb42f699d3c4932781375ee9ab9f778a73e9...refs/remotes/origin/main [10ms]
2025-03-11 12:09:47.989 [info] > git config --get commit.template [6ms]
2025-03-11 12:09:47.998 [info] > git log --format=%H%n%aN%n%aE%n%at%n%ct%n%P%n%D%n%B -z --shortstat --diff-merges=first-parent -n50 --skip=0 --topo-order --decorate=full --stdin [64ms]
2025-03-11 12:09:48.023 [info] > git for-each-ref --format=%(refname)%00%(upstream:short)%00%(objectname)%00%(upstream:track)%00%(upstream:remotename)%00%(upstream:remoteref) refs/heads/main refs/remotes/main [3ms]
2025-03-11 12:09:48.068 [info] > git status -z -uall [27ms]
2025-03-11 12:09:48.071 [info] > git for-each-ref --sort -committerdate --format %(refname) %(objectname) %(*objectname) [6ms]
2025-03-11 12:09:48.808 [info] > git log --oneline --cherry main...main@{upstream} -- [8ms]
2025-03-11 12:09:50.689 [info] > git pull --tags origin main [1867ms]
2025-03-11 12:09:50.689 [info] From https://github.com/9jh1/prty
 * branch            main       -> FETCH_HEAD
2025-03-11 12:09:52.754 [info] > git push origin main:main [2052ms]
2025-03-11 12:09:52.754 [info] remote: This repository moved. Please use the new location:        
remote:   https://github.com/9JH1/prty.git        
To https://github.com/9jh1/prty
   1a46eb4..e093b18  main -> main
2025-03-11 12:09:52.783 [info] > git config --get commit.template [15ms]
2025-03-11 12:09:52.785 [info] > git for-each-ref --format=%(refname)%00%(upstream:short)%00%(objectname)%00%(upstream:track)%00%(upstream:remotename)%00%(upstream:remoteref) refs/heads/main refs/remotes/main [3ms]
2025-03-11 12:09:52.818 [info] > git status -z -uall [18ms]
2025-03-11 12:09:52.821 [info] > git for-each-ref --sort -committerdate --format %(refname) %(objectname) %(*objectname) [4ms]
2025-03-11 12:09:52.867 [info] > git merge-base refs/heads/main refs/remotes/origin/main [5ms]
2025-03-11 12:09:52.903 [info] > git diff --name-status -z --diff-filter=ADMR e093b18e70d2637f2e72d84daaa72fa1f8138a81...refs/remotes/origin/main [22ms]
2025-03-11 12:09:52.950 [info] > git log --format=%H%n%aN%n%aE%n%at%n%ct%n%P%n%D%n%B -z --shortstat --diff-merges=first-parent -n50 --skip=0 --topo-order --decorate=full --stdin [47ms]
2025-03-11 12:10:11.541 [info] > git config --get commit.template [55ms]
2025-03-11 12:10:11.555 [info] > git ls-files --stage -- /home/_3hy/Documents/Projects/pretty-2/prty/idea3.html [14ms]
2025-03-11 12:10:11.619 [info] > git cat-file -s 5fd1308b2a36932031a875026533c4a56d640f0b [23ms]
2025-03-11 12:10:11.629 [info] > git for-each-ref --format=%(refname)%00%(upstream:short)%00%(objectname)%00%(upstream:track)%00%(upstream:remotename)%00%(upstream:remoteref) refs/heads/main refs/remotes/main [13ms]
2025-03-11 12:10:11.733 [info] > git show --textconv :idea3.html [73ms]
2025-03-11 12:10:11.733 [info] > git status -z -uall [32ms]
2025-03-11 12:10:11.734 [info] > git for-each-ref --sort -committerdate --format %(refname) %(objectname) %(*objectname) [5ms]
