2025-02-24 14:04:34.872 [info] [main] Log level: Info
2025-02-24 14:04:34.872 [info] [main] Validating found git in: "git"
2025-02-24 14:04:34.872 [info] [main] Using git "2.48.1" from "git"
2025-02-24 14:04:34.872 [info] [Model][doInitialScan] Initial repository scan started
2025-02-24 14:04:34.872 [info] > git rev-parse --show-toplevel [15ms]
2025-02-24 14:04:34.872 [info] fatal: not a git repository (or any of the parent directories): .git
2025-02-24 14:04:34.872 [info] [Model][doInitialScan] Initial repository scan completed - repositories (0), closed repositories (0), parent repositories (0), unsafe repositories (0)
2025-02-24 14:04:52.715 [info] > git rev-parse --show-toplevel [6ms]
2025-02-24 14:04:52.715 [info] fatal: not a git repository (or any of the parent directories): .git
2025-02-24 14:04:59.530 [info] > git rev-parse --show-toplevel [6ms]
2025-02-24 14:04:59.530 [info] fatal: not a git repository (or any of the parent directories): .git
2025-02-24 14:05:15.422 [info] > git rev-parse --show-toplevel [5ms]
2025-02-24 14:05:15.422 [info] fatal: not a git repository (or any of the parent directories): .git
2025-02-24 14:05:26.144 [info] > git rev-parse --show-toplevel [17ms]
2025-02-24 14:05:26.144 [info] fatal: not a git repository (or any of the parent directories): .git
2025-02-24 14:05:27.312 [info] > git rev-parse --show-toplevel [4ms]
2025-02-24 14:05:27.312 [info] fatal: not a git repository (or any of the parent directories): .git
2025-02-24 14:05:29.137 [info] > git rev-parse --show-toplevel [3ms]
2025-02-24 14:05:29.137 [info] fatal: not a git repository (or any of the parent directories): .git
2025-02-24 14:11:24.067 [info] > git rev-parse --show-toplevel [10ms]
2025-02-24 14:11:24.068 [info] fatal: not a git repository (or any of the parent directories): .git
2025-02-24 14:11:28.020 [info] > git rev-parse --show-toplevel [4ms]
2025-02-24 14:11:28.020 [info] fatal: not a git repository (or any of the parent directories): .git
2025-02-24 14:11:33.133 [info] > git rev-parse --show-toplevel [9ms]
2025-02-24 14:11:33.133 [info] fatal: not a git repository (or any of the parent directories): .git
