2025-03-17 09:46:44.962 [info] Reading sessions from keychain...
2025-03-17 09:46:44.964 [info] Getting sessions for all scopes...
2025-03-17 09:46:44.964 [info] Getting sessions for all scopes...
2025-03-17 09:46:44.964 [info] Getting sessions for all scopes...
2025-03-17 09:46:44.964 [info] Got stored sessions!
2025-03-17 09:46:44.964 [info] Got 1 verified sessions.
2025-03-17 09:46:44.964 [info] Got 1 sessions for ...
2025-03-17 09:46:44.964 [info] Got 1 sessions for ...
2025-03-17 09:46:44.964 [info] Got 1 sessions for ...
2025-03-17 09:46:45.013 [info] Getting sessions for all scopes...
2025-03-17 09:46:45.013 [info] Got 1 sessions for ...
2025-03-17 09:46:45.013 [info] Getting sessions for all scopes...
2025-03-17 09:46:45.014 [info] Got 1 sessions for ...
2025-03-17 09:46:45.017 [info] Getting sessions for all scopes...
2025-03-17 09:46:45.017 [info] Got 1 sessions for ...
2025-03-17 09:46:45.017 [info] Getting sessions for all scopes...
2025-03-17 09:46:45.017 [info] Got 1 sessions for ...
2025-03-17 09:46:45.019 [info] Getting sessions for all scopes...
2025-03-17 09:46:45.019 [info] Got 1 sessions for ...
2025-03-17 09:46:55.958 [info] Getting sessions for read:user,repo,user:email,workflow...
2025-03-17 09:46:55.960 [info] Got 1 sessions for read:user,repo,user:email,workflow...
2025-03-17 09:46:59.662 [info] Getting sessions for read:user,repo,user:email,workflow...
2025-03-17 09:46:59.662 [info] Got 1 sessions for read:user,repo,user:email,workflow...
2025-03-17 09:46:59.726 [info] Getting sessions for all scopes...
2025-03-17 09:46:59.727 [info] Got 1 sessions for ...
