2025-03-17 09:36:14.921 [info] Reading sessions from keychain...
2025-03-17 09:36:14.921 [info] Getting sessions for all scopes...
2025-03-17 09:36:14.921 [info] Getting sessions for all scopes...
2025-03-17 09:36:14.921 [info] Getting sessions for all scopes...
2025-03-17 09:36:14.921 [info] Getting sessions for all scopes...
2025-03-17 09:36:14.921 [info] Getting sessions for all scopes...
2025-03-17 09:36:14.921 [info] Getting sessions for all scopes...
2025-03-17 09:36:14.921 [info] Getting sessions for all scopes...
2025-03-17 09:36:14.921 [info] Got 0 sessions for ...
2025-03-17 09:36:14.921 [info] Got 0 sessions for ...
2025-03-17 09:36:14.921 [info] Got 0 sessions for ...
2025-03-17 09:36:14.921 [info] Got 0 sessions for ...
2025-03-17 09:36:14.921 [info] Got 0 sessions for ...
2025-03-17 09:36:14.921 [info] Got 0 sessions for ...
2025-03-17 09:36:14.922 [info] Got 0 sessions for ...
2025-03-17 09:36:15.261 [info] Getting sessions for all scopes...
2025-03-17 09:36:15.261 [info] Got 0 sessions for ...
2025-03-17 09:36:17.290 [info] Getting sessions for all scopes...
2025-03-17 09:36:17.291 [info] Got 0 sessions for ...
2025-03-17 09:36:28.651 [info] Getting sessions for read:user,repo,user:email,workflow...
2025-03-17 09:36:28.651 [info] Got 0 sessions for read:user,repo,user:email,workflow...
2025-03-17 09:36:30.711 [info] Logging in with 'any' account...
2025-03-17 09:36:30.711 [info] Logging in for the following scopes: read:user repo user:email workflow
2025-03-17 09:36:30.907 [info] Trying without local server... (read:user repo user:email workflow)
2025-03-17 09:36:49.408 [info] Exchanging code for token...
2025-03-17 09:36:50.443 [info] Token exchange success!
2025-03-17 09:36:50.460 [info] Getting user info...
2025-03-17 09:36:51.352 [info] Got account info!
2025-03-17 09:36:51.360 [info] Storing 1 sessions...
2025-03-17 09:36:53.852 [info] Reading sessions from keychain...
2025-03-17 09:36:53.852 [info] Stored 1 sessions!
2025-03-17 09:36:53.852 [info] Login success!
2025-03-17 09:36:53.874 [info] Getting sessions for all scopes...
2025-03-17 09:36:53.883 [info] Getting sessions for all scopes...
2025-03-17 09:36:54.031 [info] Got stored sessions!
2025-03-17 09:36:54.031 [info] Got 1 verified sessions.
2025-03-17 09:36:54.031 [info] Got 1 sessions for ...
2025-03-17 09:36:54.031 [info] Got 1 sessions for ...
2025-03-17 09:41:10.781 [info] Getting sessions for read:user,repo,user:email,workflow...
2025-03-17 09:41:10.781 [info] Got 1 sessions for read:user,repo,user:email,workflow...
2025-03-17 09:41:11.446 [info] Getting sessions for read:user,repo,user:email,workflow...
2025-03-17 09:41:11.446 [info] Got 1 sessions for read:user,repo,user:email,workflow...
