2025-02-25 12:33:55.319 [info] [main] Log level: Info
2025-02-25 12:33:55.319 [info] [main] Validating found git in: "git"
2025-02-25 12:33:55.319 [info] [main] Using git "2.48.1" from "git"
2025-02-25 12:33:55.319 [info] [Model][doInitialScan] Initial repository scan started
2025-02-25 12:33:55.319 [info] > git rev-parse --show-toplevel [330ms]
2025-02-25 12:33:55.319 [info] fatal: not a git repository (or any of the parent directories): .git
2025-02-25 12:33:55.320 [info] > git rev-parse --show-toplevel [896ms]
2025-02-25 12:33:55.320 [info] fatal: not a git repository (or any of the parent directories): .git
2025-02-25 12:33:55.320 [info] [Model][doInitialScan] Initial repository scan completed - repositories (0), closed repositories (0), parent repositories (0), unsafe repositories (0)
2025-02-25 12:33:55.329 [info] > git rev-parse --show-toplevel [60ms]
2025-02-25 12:33:55.329 [info] fatal: not a git repository (or any of the parent directories): .git
2025-02-25 12:33:55.782 [info] > git rev-parse --show-toplevel [403ms]
2025-02-25 12:33:55.782 [info] fatal: not a git repository (or any of the parent directories): .git
2025-02-25 12:33:55.936 [info] > git rev-parse --show-toplevel [54ms]
2025-02-25 12:33:55.936 [info] fatal: not a git repository (or any of the parent directories): .git
2025-02-25 12:33:56.629 [info] > git rev-parse --show-toplevel [5ms]
2025-02-25 12:33:56.629 [info] fatal: not a git repository (or any of the parent directories): .git
2025-02-25 12:33:56.701 [info] > git rev-parse --show-toplevel [3ms]
2025-02-25 12:33:56.701 [info] fatal: not a git repository (or any of the parent directories): .git
2025-02-25 12:33:56.959 [info] > git rev-parse --show-toplevel [4ms]
2025-02-25 12:33:56.959 [info] fatal: not a git repository (or any of the parent directories): .git
2025-02-25 12:34:39.567 [info] > git rev-parse --show-toplevel [10ms]
2025-02-25 12:34:39.567 [info] fatal: not a git repository (or any of the parent directories): .git
2025-02-25 13:14:55.885 [info] > git rev-parse --show-toplevel [4ms]
2025-02-25 13:14:55.885 [info] fatal: not a git repository (or any of the parent directories): .git
2025-02-25 13:15:24.502 [info] > git rev-parse --show-toplevel [7ms]
2025-02-25 13:15:24.502 [info] fatal: not a git repository (or any of the parent directories): .git
2025-02-25 13:17:25.145 [info] > git rev-parse --show-toplevel [5ms]
2025-02-25 13:17:25.145 [info] fatal: not a git repository (or any of the parent directories): .git
2025-02-25 13:20:06.909 [info] > git rev-parse --show-toplevel [4ms]
2025-02-25 13:20:06.909 [info] fatal: not a git repository (or any of the parent directories): .git
2025-02-25 13:58:24.994 [info] > git rev-parse --show-toplevel [7ms]
2025-02-25 13:58:24.994 [info] fatal: not a git repository (or any of the parent directories): .git
2025-02-25 13:58:50.097 [info] > git rev-parse --show-toplevel [6ms]
2025-02-25 13:58:50.097 [info] fatal: not a git repository (or any of the parent directories): .git
