2025-03-17 09:36:20.594 [info] [main] Log level: Info
2025-03-17 09:36:20.594 [info] [main] Validating found git in: "git"
2025-03-17 09:36:20.594 [info] [main] Using git "2.48.1" from "git"
2025-03-17 09:36:20.594 [info] [Model][doInitialScan] Initial repository scan started
2025-03-17 09:36:20.594 [info] > git rev-parse --show-toplevel [19ms]
2025-03-17 09:36:20.594 [info] > git rev-parse --git-dir --git-common-dir [7ms]
2025-03-17 09:36:20.594 [info] [Model][openRepository] Opened repository: /home/_3hy/.config
2025-03-17 09:36:20.596 [info] > git config --get commit.template [16ms]
2025-03-17 09:36:20.596 [info] > git fetch [53ms]
2025-03-17 09:36:20.663 [info] [Git][getRemotes] No remotes found in the git config file
2025-03-17 09:36:20.670 [info] > git config --get commit.template [44ms]
2025-03-17 09:36:20.671 [info] > git for-each-ref --format=%(refname)%00%(upstream:short)%00%(objectname)%00%(upstream:track)%00%(upstream:remotename)%00%(upstream:remoteref) refs/heads/main refs/remotes/main [9ms]
2025-03-17 09:36:20.672 [warning] [Git][getBranch] No such branch: main
2025-03-17 09:36:20.711 [info] [Git][getRemotes] No remotes found in the git config file
2025-03-17 09:36:20.729 [info] > git for-each-ref --format=%(refname)%00%(upstream:short)%00%(objectname)%00%(upstream:track)%00%(upstream:remotename)%00%(upstream:remoteref) refs/heads/main refs/remotes/main [39ms]
2025-03-17 09:36:20.729 [warning] [Git][getBranch] No such branch: main
2025-03-17 09:36:20.737 [error] [GitHistoryProvider][resolveHEADMergeBase] Failed to resolve merge base for main: Error: No such branch: main.
2025-03-17 09:36:20.747 [info] > git config --get commit.template [19ms]
2025-03-17 09:36:20.752 [info] > git for-each-ref --format=%(refname)%00%(upstream:short)%00%(objectname)%00%(upstream:track)%00%(upstream:remotename)%00%(upstream:remoteref) refs/heads/main refs/remotes/main [41ms]
2025-03-17 09:36:20.752 [warning] [Git][getBranch] No such branch: main
2025-03-17 09:36:20.776 [info] [Git][getRemotes] No remotes found in the git config file
2025-03-17 09:36:20.779 [info] > git for-each-ref --format=%(refname)%00%(upstream:short)%00%(objectname)%00%(upstream:track)%00%(upstream:remotename)%00%(upstream:remoteref) refs/heads/main refs/remotes/main [3ms]
2025-03-17 09:36:20.780 [warning] [Git][getBranch] No such branch: main
2025-03-17 09:36:20.813 [info] > git status -z -uall [20ms]
2025-03-17 09:36:20.819 [info] > git for-each-ref --sort -committerdate --format %(refname) %(objectname) %(*objectname) [8ms]
2025-03-17 09:36:20.862 [info] > git rev-parse --show-toplevel [6ms]
2025-03-17 09:36:20.877 [info] > git rev-parse --show-toplevel [3ms]
2025-03-17 09:36:20.899 [info] > git rev-parse --show-toplevel [6ms]
2025-03-17 09:36:20.932 [info] > git rev-parse --show-toplevel [6ms]
2025-03-17 09:36:20.974 [info] > git rev-parse --show-toplevel [9ms]
2025-03-17 09:36:20.992 [info] > git rev-parse --show-toplevel [8ms]
2025-03-17 09:36:21.036 [info] > git rev-parse --show-toplevel [32ms]
2025-03-17 09:36:21.066 [info] > git rev-parse --show-toplevel [7ms]
2025-03-17 09:36:21.078 [info] > git rev-parse --show-toplevel [3ms]
2025-03-17 09:36:21.091 [info] > git rev-parse --show-toplevel [4ms]
2025-03-17 09:36:21.106 [info] > git rev-parse --show-toplevel [7ms]
2025-03-17 09:36:21.136 [info] > git rev-parse --show-toplevel [9ms]
2025-03-17 09:36:21.281 [info] > git rev-parse --show-toplevel [59ms]
2025-03-17 09:36:21.302 [info] > git log --format=%H%n%aN%n%aE%n%at%n%ct%n%P%n%D%n%B -z --shortstat --diff-merges=first-parent -n50 --skip=0 --topo-order --decorate=full --stdin [30ms]
2025-03-17 09:36:21.304 [info] fatal: bad revision 'refs/heads/main'
2025-03-17 09:36:21.307 [error] [GitHistoryProvider][provideHistoryItems] Failed to get history items with options '{"historyItemRefs":["refs/heads/main"],"limit":50,"skip":0}': Failed to execute git {
  "exitCode": 128,
  "gitCommand": "log",
  "stdout": "",
  "stderr": "fatal: bad revision 'refs/heads/main'\n"
}
2025-03-17 09:36:21.308 [info] > git rev-parse --show-toplevel [7ms]
2025-03-17 09:36:21.413 [info] > git rev-parse --show-toplevel [15ms]
2025-03-17 09:36:21.450 [info] > git rev-parse --show-toplevel [12ms]
2025-03-17 09:36:21.484 [info] > git rev-parse --show-toplevel [10ms]
2025-03-17 09:36:21.507 [info] > git rev-parse --show-toplevel [10ms]
2025-03-17 09:36:21.580 [info] > git rev-parse --show-toplevel [61ms]
2025-03-17 09:36:22.663 [info] > git rev-parse --show-toplevel [305ms]
2025-03-17 09:36:22.747 [info] > git rev-parse --show-toplevel [16ms]
2025-03-17 09:36:23.264 [info] > git rev-parse --show-toplevel [157ms]
2025-03-17 09:36:23.337 [info] > git rev-parse --show-toplevel [18ms]
2025-03-17 09:36:23.627 [info] > git rev-parse --show-toplevel [229ms]
2025-03-17 09:36:23.720 [info] > git rev-parse --show-toplevel [31ms]
2025-03-17 09:36:23.815 [info] > git rev-parse --show-toplevel [36ms]
2025-03-17 09:36:23.928 [info] > git rev-parse --show-toplevel [32ms]
2025-03-17 09:36:23.990 [info] > git rev-parse --show-toplevel [9ms]
2025-03-17 09:36:24.044 [info] > git rev-parse --show-toplevel [13ms]
2025-03-17 09:36:24.061 [info] > git rev-parse --show-toplevel [3ms]
2025-03-17 09:36:24.086 [info] > git rev-parse --show-toplevel [4ms]
2025-03-17 09:36:24.119 [info] > git rev-parse --show-toplevel [10ms]
2025-03-17 09:36:24.149 [info] > git rev-parse --show-toplevel [5ms]
2025-03-17 09:36:24.318 [info] > git rev-parse --show-toplevel [145ms]
2025-03-17 09:36:24.415 [info] > git rev-parse --show-toplevel [79ms]
2025-03-17 09:36:24.451 [info] > git rev-parse --show-toplevel [9ms]
2025-03-17 09:36:24.476 [info] > git rev-parse --show-toplevel [10ms]
2025-03-17 09:36:24.496 [info] > git rev-parse --show-toplevel [4ms]
2025-03-17 09:36:24.560 [info] > git rev-parse --show-toplevel [45ms]
2025-03-17 09:36:24.611 [info] > git rev-parse --show-toplevel [29ms]
2025-03-17 09:36:24.625 [info] > git rev-parse --show-toplevel [3ms]
2025-03-17 09:36:24.638 [info] > git rev-parse --show-toplevel [2ms]
2025-03-17 09:36:24.653 [info] > git rev-parse --show-toplevel [5ms]
2025-03-17 09:36:24.664 [info] > git rev-parse --show-toplevel [2ms]
2025-03-17 09:36:24.678 [info] > git rev-parse --show-toplevel [3ms]
2025-03-17 09:36:24.692 [info] > git rev-parse --show-toplevel [2ms]
2025-03-17 09:36:24.723 [info] > git rev-parse --show-toplevel [12ms]
2025-03-17 09:36:24.737 [info] > git rev-parse --show-toplevel [4ms]
2025-03-17 09:36:24.750 [info] > git rev-parse --show-toplevel [3ms]
2025-03-17 09:36:24.786 [info] > git rev-parse --show-toplevel [24ms]
2025-03-17 09:36:24.801 [info] > git rev-parse --show-toplevel [3ms]
2025-03-17 09:36:24.819 [info] > git rev-parse --show-toplevel [5ms]
2025-03-17 09:36:24.845 [info] > git rev-parse --show-toplevel [13ms]
2025-03-17 09:36:24.895 [info] > git rev-parse --show-toplevel [5ms]
2025-03-17 09:36:24.933 [info] > git rev-parse --show-toplevel [5ms]
2025-03-17 09:36:24.973 [info] > git rev-parse --show-toplevel [7ms]
2025-03-17 09:36:25.028 [info] > git rev-parse --show-toplevel [23ms]
2025-03-17 09:36:25.145 [info] > git rev-parse --show-toplevel [40ms]
2025-03-17 09:36:25.201 [info] > git rev-parse --show-toplevel [7ms]
2025-03-17 09:36:25.242 [info] > git rev-parse --show-toplevel [8ms]
2025-03-17 09:36:25.288 [info] > git rev-parse --show-toplevel [22ms]
2025-03-17 09:36:25.322 [info] > git rev-parse --show-toplevel [9ms]
2025-03-17 09:36:25.349 [info] > git rev-parse --show-toplevel [1ms]
2025-03-17 09:36:25.376 [info] > git rev-parse --show-toplevel [8ms]
2025-03-17 09:36:25.395 [info] > git rev-parse --show-toplevel [3ms]
2025-03-17 09:36:25.409 [info] > git rev-parse --show-toplevel [3ms]
2025-03-17 09:36:25.426 [info] > git rev-parse --show-toplevel [5ms]
2025-03-17 09:36:25.445 [info] > git rev-parse --show-toplevel [4ms]
2025-03-17 09:36:25.460 [info] > git rev-parse --show-toplevel [4ms]
2025-03-17 09:36:25.475 [info] > git rev-parse --show-toplevel [4ms]
2025-03-17 09:36:25.496 [info] > git rev-parse --show-toplevel [7ms]
2025-03-17 09:36:25.521 [info] > git rev-parse --show-toplevel [6ms]
2025-03-17 09:36:25.555 [info] > git rev-parse --show-toplevel [11ms]
2025-03-17 09:36:25.586 [info] > git rev-parse --show-toplevel [6ms]
2025-03-17 09:36:25.622 [info] > git rev-parse --show-toplevel [15ms]
2025-03-17 09:36:25.650 [info] > git rev-parse --show-toplevel [8ms]
2025-03-17 09:36:25.659 [info] [Model][doInitialScan] Initial repository scan completed - repositories (1), closed repositories (0), parent repositories (0), unsafe repositories (0)
2025-03-17 09:37:46.978 [info] > git remote add origin https://github.com/9JH1/.config.git [8ms]
2025-03-17 09:37:47.022 [info] > git config --get commit.template [25ms]
2025-03-17 09:37:47.023 [info] > git for-each-ref --format=%(refname)%00%(upstream:short)%00%(objectname)%00%(upstream:track)%00%(upstream:remotename)%00%(upstream:remoteref) refs/heads/main refs/remotes/main [8ms]
2025-03-17 09:37:47.023 [warning] [Git][getBranch] No such branch: main
2025-03-17 09:37:47.127 [info] > git status -z -uall [49ms]
2025-03-17 09:37:47.127 [info] > git for-each-ref --sort -committerdate --format %(refname) %(objectname) %(*objectname) [9ms]
2025-03-17 09:37:47.242 [info] > git push -u origin main [37ms]
2025-03-17 09:37:47.242 [info] error: src refspec main does not match any
error: failed to push some refs to 'https://github.com/9JH1/.config.git'
2025-03-17 09:37:47.314 [info] > git config --get commit.template [30ms]
2025-03-17 09:37:47.317 [info] > git for-each-ref --format=%(refname)%00%(upstream:short)%00%(objectname)%00%(upstream:track)%00%(upstream:remotename)%00%(upstream:remoteref) refs/heads/main refs/remotes/main [4ms]
2025-03-17 09:37:47.317 [warning] [Git][getBranch] No such branch: main
2025-03-17 09:37:47.345 [info] > git status -z -uall [16ms]
2025-03-17 09:37:47.346 [info] > git for-each-ref --sort -committerdate --format %(refname) %(objectname) %(*objectname) [2ms]
2025-03-17 09:38:04.507 [info] > git push -u origin main [2ms]
2025-03-17 09:38:04.507 [info] fatal: not a git repository (or any of the parent directories): .git
2025-03-17 09:38:04.532 [warning] [Git][getHEAD] Failed to parse HEAD file: ENOENT: no such file or directory, open '/home/_3hy/.config/.git/HEAD'
2025-03-17 09:38:04.584 [warning] [Git][getRemotes] Error: ENOENT: no such file or directory, open '/home/_3hy/.config/.git/config'
2025-03-17 09:38:04.652 [info] > git remote --verbose [67ms]
2025-03-17 09:38:04.652 [info] fatal: not a git repository (or any of the parent directories): .git
2025-03-17 09:38:04.654 [info] > git symbolic-ref --short HEAD [123ms]
2025-03-17 09:38:04.654 [info] fatal: not a git repository (or any of the parent directories): .git
2025-03-17 09:38:04.679 [info] > git config --get commit.template [36ms]
2025-03-17 09:38:04.681 [info] > git rev-parse HEAD [4ms]
2025-03-17 09:38:04.681 [info] fatal: not a git repository (or any of the parent directories): .git
2025-03-17 09:38:07.046 [info] > git init -b main [8ms]
2025-03-17 09:38:07.062 [info] > git rev-parse --show-toplevel [3ms]
2025-03-17 09:38:07.080 [info] > git rev-parse --git-dir --git-common-dir [4ms]
2025-03-17 09:38:07.208 [info] [Model][openRepository] Opened repository: /home/_3hy/.config
2025-03-17 09:38:07.257 [info] > git fetch [50ms]
2025-03-17 09:38:07.323 [info] > git config --get commit.template [67ms]
2025-03-17 09:38:07.326 [info] > git config --get commit.template [13ms]
2025-03-17 09:38:07.355 [info] [Git][getRemotes] No remotes found in the git config file
2025-03-17 09:38:07.378 [info] [Git][getRemotes] No remotes found in the git config file
2025-03-17 09:38:07.395 [info] > git for-each-ref --format=%(refname)%00%(upstream:short)%00%(objectname)%00%(upstream:track)%00%(upstream:remotename)%00%(upstream:remoteref) refs/heads/main refs/remotes/main [18ms]
2025-03-17 09:38:07.396 [warning] [Git][getBranch] No such branch: main
2025-03-17 09:38:07.442 [info] > git for-each-ref --format=%(refname)%00%(upstream:short)%00%(objectname)%00%(upstream:track)%00%(upstream:remotename)%00%(upstream:remoteref) refs/heads/main refs/remotes/main [88ms]
2025-03-17 09:38:07.443 [warning] [Git][getBranch] No such branch: main
2025-03-17 09:38:07.475 [info] > git for-each-ref --sort -committerdate --format %(refname) %(objectname) %(*objectname) [32ms] (cancelled)
2025-03-17 09:38:07.515 [info] > git status -z -uall [95ms] (cancelled)
2025-03-17 09:38:07.516 [info] > git for-each-ref --format=%(refname)%00%(upstream:short)%00%(objectname)%00%(upstream:track)%00%(upstream:remotename)%00%(upstream:remoteref) refs/heads/main refs/remotes/main [27ms]
2025-03-17 09:38:07.516 [warning] [Git][getBranch] No such branch: main
2025-03-17 09:38:07.518 [error] [GitHistoryProvider][resolveHEADMergeBase] Failed to resolve merge base for main: Error: No such branch: main.
2025-03-17 09:38:07.520 [info] > git for-each-ref --format=%(refname)%00%(upstream:short)%00%(objectname)%00%(upstream:track)%00%(upstream:remotename)%00%(upstream:remoteref) refs/heads/main refs/remotes/main [55ms]
2025-03-17 09:38:07.520 [warning] [Git][getBranch] No such branch: main
2025-03-17 09:38:07.521 [error] [GitHistoryProvider][resolveHEADMergeBase] Failed to resolve merge base for main: Error: No such branch: main.
2025-03-17 09:38:07.525 [info] > git config --get commit.template [18ms]
2025-03-17 09:38:07.567 [info] [Git][getRemotes] No remotes found in the git config file
2025-03-17 09:38:07.569 [info] > git log --format=%H%n%aN%n%aE%n%at%n%ct%n%P%n%D%n%B -z --shortstat --diff-merges=first-parent -n50 --skip=0 --topo-order --decorate=full --stdin [19ms]
2025-03-17 09:38:07.569 [info] fatal: bad revision 'refs/heads/main'
2025-03-17 09:38:07.571 [error] [GitHistoryProvider][provideHistoryItems] Failed to get history items with options '{"historyItemRefs":["refs/heads/main"],"limit":50,"skip":0}': Failed to execute git {
  "exitCode": 128,
  "gitCommand": "log",
  "stdout": "",
  "stderr": "fatal: bad revision 'refs/heads/main'\n"
}
2025-03-17 09:38:07.572 [info] > git for-each-ref --format=%(refname)%00%(upstream:short)%00%(objectname)%00%(upstream:track)%00%(upstream:remotename)%00%(upstream:remoteref) refs/heads/main refs/remotes/main [5ms]
2025-03-17 09:38:07.573 [warning] [Git][getBranch] No such branch: main
2025-03-17 09:38:07.609 [info] > git status -z -uall [19ms]
2025-03-17 09:38:07.612 [info] > git for-each-ref --sort -committerdate --format %(refname) %(objectname) %(*objectname) [3ms]
2025-03-17 09:38:57.343 [info] > git remote add origin https://github.com/9JH1/.config.git [3ms]
2025-03-17 09:38:57.380 [info] > git config --get commit.template [18ms]
2025-03-17 09:38:57.381 [info] > git for-each-ref --format=%(refname)%00%(upstream:short)%00%(objectname)%00%(upstream:track)%00%(upstream:remotename)%00%(upstream:remoteref) refs/heads/main refs/remotes/main [2ms]
2025-03-17 09:38:57.381 [warning] [Git][getBranch] No such branch: main
2025-03-17 09:38:57.415 [info] > git status -z -uall [20ms]
2025-03-17 09:38:57.417 [info] > git for-each-ref --sort -committerdate --format %(refname) %(objectname) %(*objectname) [4ms]
2025-03-17 09:38:57.472 [info] > git push -u origin main [27ms]
2025-03-17 09:38:57.472 [info] error: src refspec main does not match any
error: failed to push some refs to 'https://github.com/9JH1/.config.git'
2025-03-17 09:38:57.531 [info] > git for-each-ref --format=%(refname)%00%(upstream:short)%00%(objectname)%00%(upstream:track)%00%(upstream:remotename)%00%(upstream:remoteref) refs/heads/main refs/remotes/main [6ms]
2025-03-17 09:38:57.531 [warning] [Git][getBranch] No such branch: main
2025-03-17 09:38:57.531 [info] > git config --get commit.template [37ms]
2025-03-17 09:38:57.568 [info] > git status -z -uall [24ms]
2025-03-17 09:38:57.570 [info] > git for-each-ref --sort -committerdate --format %(refname) %(objectname) %(*objectname) [4ms]
2025-03-17 09:39:09.678 [info] > git push -u origin main [32ms]
2025-03-17 09:39:09.678 [info] error: src refspec main does not match any
error: failed to push some refs to 'https://github.com/9JH1/.config.git'
2025-03-17 09:39:09.723 [info] > git config --get commit.template [32ms]
2025-03-17 09:39:09.731 [info] > git for-each-ref --format=%(refname)%00%(upstream:short)%00%(objectname)%00%(upstream:track)%00%(upstream:remotename)%00%(upstream:remoteref) refs/heads/main refs/remotes/main [16ms]
2025-03-17 09:39:09.731 [warning] [Git][getBranch] No such branch: main
2025-03-17 09:39:09.837 [info] > git status -z -uall [46ms]
2025-03-17 09:39:09.841 [info] > git for-each-ref --sort -committerdate --format %(refname) %(objectname) %(*objectname) [11ms]
2025-03-17 09:39:15.975 [info] > git push -u origin main [25ms]
2025-03-17 09:39:15.975 [info] error: src refspec main does not match any
error: failed to push some refs to 'https://github.com/9JH1/.config.git'
2025-03-17 09:39:16.001 [info] > git config --get commit.template [3ms]
2025-03-17 09:39:16.021 [info] > git for-each-ref --format=%(refname)%00%(upstream:short)%00%(objectname)%00%(upstream:track)%00%(upstream:remotename)%00%(upstream:remoteref) refs/heads/main refs/remotes/main [5ms]
2025-03-17 09:39:16.022 [warning] [Git][getBranch] No such branch: main
2025-03-17 09:39:16.059 [info] > git status -z -uall [20ms]
2025-03-17 09:39:16.064 [info] > git for-each-ref --sort -committerdate --format %(refname) %(objectname) %(*objectname) [7ms]
2025-03-17 09:39:28.910 [info] > git push -u origin main [8ms]
2025-03-17 09:39:28.910 [info] fatal: not a git repository (or any of the parent directories): .git
2025-03-17 09:39:28.939 [warning] [Git][getHEAD] Failed to parse HEAD file: ENOENT: no such file or directory, open '/home/_3hy/.config/.git/HEAD'
2025-03-17 09:39:28.964 [warning] [Git][getRemotes] Error: ENOENT: no such file or directory, open '/home/_3hy/.config/.git/config'
2025-03-17 09:39:28.992 [info] > git remote --verbose [28ms]
2025-03-17 09:39:28.992 [info] fatal: not a git repository (or any of the parent directories): .git
2025-03-17 09:39:28.994 [info] > git symbolic-ref --short HEAD [55ms]
2025-03-17 09:39:28.994 [info] fatal: not a git repository (or any of the parent directories): .git
2025-03-17 09:39:29.023 [info] > git config --get commit.template [35ms]
2025-03-17 09:39:29.024 [info] > git rev-parse HEAD [9ms]
2025-03-17 09:39:29.024 [info] fatal: not a git repository (or any of the parent directories): .git
2025-03-17 09:39:31.157 [info] > git init -b main [19ms]
2025-03-17 09:39:31.177 [info] > git rev-parse --show-toplevel [2ms]
2025-03-17 09:39:31.193 [info] > git rev-parse --git-dir --git-common-dir [2ms]
2025-03-17 09:39:31.270 [info] [Model][openRepository] Opened repository: /home/_3hy/.config
2025-03-17 09:39:31.326 [info] > git fetch [57ms]
2025-03-17 09:39:31.359 [info] > git config --get commit.template [42ms]
2025-03-17 09:39:31.387 [info] [Git][getRemotes] No remotes found in the git config file
2025-03-17 09:39:31.412 [info] > git for-each-ref --format=%(refname)%00%(upstream:short)%00%(objectname)%00%(upstream:track)%00%(upstream:remotename)%00%(upstream:remoteref) refs/heads/main refs/remotes/main [25ms]
2025-03-17 09:39:31.412 [warning] [Git][getBranch] No such branch: main
2025-03-17 09:39:31.456 [info] > git config --get commit.template [97ms]
2025-03-17 09:39:31.478 [info] [Git][getRemotes] No remotes found in the git config file
2025-03-17 09:39:31.500 [info] > git for-each-ref --format=%(refname)%00%(upstream:short)%00%(objectname)%00%(upstream:track)%00%(upstream:remotename)%00%(upstream:remoteref) refs/heads/main refs/remotes/main [55ms]
2025-03-17 09:39:31.500 [warning] [Git][getBranch] No such branch: main
2025-03-17 09:39:31.506 [error] [GitHistoryProvider][resolveHEADMergeBase] Failed to resolve merge base for main: Error: No such branch: main.
2025-03-17 09:39:31.534 [info] > git config --get commit.template [35ms]
2025-03-17 09:39:31.538 [info] > git for-each-ref --format=%(refname)%00%(upstream:short)%00%(objectname)%00%(upstream:track)%00%(upstream:remotename)%00%(upstream:remoteref) refs/heads/main refs/remotes/main [56ms]
2025-03-17 09:39:31.538 [warning] [Git][getBranch] No such branch: main
2025-03-17 09:39:31.601 [info] [Git][getRemotes] No remotes found in the git config file
2025-03-17 09:39:31.610 [info] > git for-each-ref --format=%(refname)%00%(upstream:short)%00%(objectname)%00%(upstream:track)%00%(upstream:remotename)%00%(upstream:remoteref) refs/heads/main refs/remotes/main [9ms]
2025-03-17 09:39:31.610 [warning] [Git][getBranch] No such branch: main
2025-03-17 09:39:31.739 [info] > git status -z -uall [81ms]
2025-03-17 09:39:31.740 [info] > git for-each-ref --sort -committerdate --format %(refname) %(objectname) %(*objectname) [13ms]
2025-03-17 09:39:31.878 [info] > git log --format=%H%n%aN%n%aE%n%at%n%ct%n%P%n%D%n%B -z --shortstat --diff-merges=first-parent -n50 --skip=0 --topo-order --decorate=full --stdin [17ms]
2025-03-17 09:39:31.878 [info] fatal: bad revision 'refs/heads/main'
2025-03-17 09:39:31.882 [error] [GitHistoryProvider][provideHistoryItems] Failed to get history items with options '{"historyItemRefs":["refs/heads/main"],"limit":50,"skip":0}': Failed to execute git {
  "exitCode": 128,
  "gitCommand": "log",
  "stdout": "",
  "stderr": "fatal: bad revision 'refs/heads/main'\n"
}
2025-03-17 09:39:41.153 [info] > git remote add origin https://github.com/9JH1/config.git [10ms]
2025-03-17 09:39:41.199 [info] > git config --get commit.template [19ms]
2025-03-17 09:39:41.202 [info] > git for-each-ref --format=%(refname)%00%(upstream:short)%00%(objectname)%00%(upstream:track)%00%(upstream:remotename)%00%(upstream:remoteref) refs/heads/main refs/remotes/main [4ms]
2025-03-17 09:39:41.202 [warning] [Git][getBranch] No such branch: main
2025-03-17 09:39:41.246 [info] > git status -z -uall [24ms]
2025-03-17 09:39:41.250 [info] > git for-each-ref --sort -committerdate --format %(refname) %(objectname) %(*objectname) [9ms]
2025-03-17 09:39:41.320 [info] > git push -u origin main [29ms]
2025-03-17 09:39:41.320 [info] error: src refspec main does not match any
error: failed to push some refs to 'https://github.com/9JH1/config.git'
2025-03-17 09:39:41.353 [info] > git config --get commit.template [7ms]
2025-03-17 09:39:41.388 [info] > git for-each-ref --format=%(refname)%00%(upstream:short)%00%(objectname)%00%(upstream:track)%00%(upstream:remotename)%00%(upstream:remoteref) refs/heads/main refs/remotes/main [9ms]
2025-03-17 09:39:41.388 [warning] [Git][getBranch] No such branch: main
2025-03-17 09:39:41.422 [info] > git status -z -uall [18ms]
2025-03-17 09:39:41.425 [info] > git for-each-ref --sort -committerdate --format %(refname) %(objectname) %(*objectname) [4ms]
2025-03-17 09:41:10.654 [info] > git config --get commit.template [5ms]
2025-03-17 09:41:10.671 [info] > git for-each-ref --format=%(refname)%00%(upstream:short)%00%(objectname)%00%(upstream:track)%00%(upstream:remotename)%00%(upstream:remoteref) refs/heads/main refs/remotes/main [2ms]
2025-03-17 09:41:10.704 [info] > git status -z -uall [18ms]
2025-03-17 09:41:10.708 [info] > git for-each-ref --sort -committerdate --format %(refname) %(objectname) %(*objectname) [5ms]
2025-03-17 09:41:10.773 [info] > git log --format=%H%n%aN%n%aE%n%at%n%ct%n%P%n%D%n%B -z --shortstat --diff-merges=first-parent -n50 --skip=0 --topo-order --decorate=full --stdin [4ms]
2025-03-17 09:41:15.169 [info] > git push -u origin main [1403ms]
2025-03-17 09:41:15.169 [info] Everything up-to-date
2025-03-17 09:41:15.190 [info] > git config --get commit.template [3ms]
2025-03-17 09:41:15.224 [info] > git for-each-ref --format=%(refname)%00%(upstream:short)%00%(objectname)%00%(upstream:track)%00%(upstream:remotename)%00%(upstream:remoteref) refs/heads/main refs/remotes/main [7ms]
2025-03-17 09:41:15.274 [info] > git status -z -uall [35ms]
2025-03-17 09:41:15.288 [info] > git for-each-ref --sort -committerdate --format %(refname) %(objectname) %(*objectname) [15ms]
2025-03-17 09:41:15.387 [info] > git merge-base refs/heads/main refs/remotes/origin/main [16ms]
2025-03-17 09:41:15.468 [info] > git diff --name-status -z --diff-filter=ADMR cb8ebd7fe3c15e74c56c1ca0d7a01e58252e9aca...refs/remotes/origin/main [19ms]
