2025-03-10 14:04:01.874 [info] Reading sessions from keychain...
2025-03-10 14:04:01.874 [info] Getting sessions for all scopes...
2025-03-10 14:04:01.874 [info] Getting sessions for all scopes...
2025-03-10 14:04:01.874 [info] Getting sessions for all scopes...
2025-03-10 14:04:01.874 [info] Got 0 sessions for ...
2025-03-10 14:04:01.874 [info] Got 0 sessions for ...
2025-03-10 14:04:01.874 [info] Got 0 sessions for ...
2025-03-10 14:04:01.879 [info] Getting sessions for all scopes...
2025-03-10 14:04:01.879 [info] Got 0 sessions for ...
2025-03-10 14:04:01.880 [info] Getting sessions for all scopes...
2025-03-10 14:04:01.880 [info] Got 0 sessions for ...
2025-03-10 14:04:01.881 [info] Getting sessions for all scopes...
2025-03-10 14:04:01.881 [info] Got 0 sessions for ...
2025-03-10 14:04:01.883 [info] Getting sessions for all scopes...
2025-03-10 14:04:01.883 [info] Got 0 sessions for ...
2025-03-10 14:04:01.883 [info] Getting sessions for all scopes...
2025-03-10 14:04:01.883 [info] Got 0 sessions for ...
2025-03-10 14:04:08.946 [info] Getting sessions for all scopes...
2025-03-10 14:04:08.946 [info] Got 0 sessions for ...
2025-03-10 14:04:08.968 [info] Getting sessions for read:user,repo,user:email,workflow...
2025-03-10 14:04:08.968 [info] Got 0 sessions for read:user,repo,user:email,workflow...
2025-03-10 18:17:24.538 [info] Getting sessions for read:user,repo,user:email,workflow...
2025-03-10 18:17:24.538 [info] Got 0 sessions for read:user,repo,user:email,workflow...
