2025-03-07 11:49:04.999 [info] [main] Log level: Info
2025-03-07 11:49:04.999 [info] [main] Validating found git in: "git"
2025-03-07 11:49:04.999 [info] [main] Using git "2.48.1" from "git"
2025-03-07 11:49:04.999 [info] [Model][doInitialScan] Initial repository scan started
2025-03-07 11:49:04.999 [info] > git rev-parse --show-toplevel [6ms]
2025-03-07 11:49:04.999 [info] fatal: not a git repository (or any of the parent directories): .git
2025-03-07 11:49:04.999 [info] > git rev-parse --show-toplevel [734ms]
2025-03-07 11:49:04.999 [info] fatal: not a git repository (or any of the parent directories): .git
2025-03-07 11:49:05.027 [info] > git rev-parse --show-toplevel [55ms]
2025-03-07 11:49:05.028 [info] fatal: not a git repository (or any of the parent directories): .git
2025-03-07 11:49:05.699 [info] > git rev-parse --show-toplevel [184ms]
2025-03-07 11:49:05.710 [info] fatal: not a git repository (or any of the parent directories): .git
2025-03-07 11:49:05.755 [info] [Model][doInitialScan] Initial repository scan completed - repositories (0), closed repositories (0), parent repositories (0), unsafe repositories (0)
2025-03-07 11:49:06.559 [info] > git rev-parse --show-toplevel [16ms]
2025-03-07 11:49:06.559 [info] fatal: not a git repository (or any of the parent directories): .git
2025-03-07 11:49:07.089 [info] > git rev-parse --show-toplevel [6ms]
2025-03-07 11:49:07.089 [info] fatal: not a git repository (or any of the parent directories): .git
2025-03-07 11:49:08.666 [info] > git rev-parse --show-toplevel [108ms]
2025-03-07 11:49:08.666 [info] fatal: not a git repository (or any of the parent directories): .git
2025-03-07 11:49:11.198 [info] > git rev-parse --show-toplevel [51ms]
2025-03-07 11:49:11.198 [info] fatal: not a git repository (or any of the parent directories): .git
2025-03-07 11:49:11.414 [info] > git rev-parse --show-toplevel [26ms]
2025-03-07 11:49:11.414 [info] fatal: not a git repository (or any of the parent directories): .git
2025-03-07 11:49:12.722 [info] > git rev-parse --show-toplevel [21ms]
2025-03-07 11:49:12.722 [info] fatal: not a git repository (or any of the parent directories): .git
